{"/Users/stenny/projects/insynium/star-wars-app/src/App.vue": {"path":"/Users/stenny/projects/insynium/star-wars-app/src/App.vue","statementMap":{"0":{"start":{"line":4,"column":29},"end":{"line":4,"column":154}},"1":{"start":{"line":5,"column":0},"end":{"line":7,"column":3}},"2":{"start":{"line":8,"column":0},"end":{"line":8,"column":25}},"3":{"start":{"line":51,"column":0},"end":{"line":53,"column":3}},"4":{"start":{"line":54,"column":0},"end":{"line":54,"column":24}},"5":{"start":{"line":55,"column":11},"end":{"line":55,"column":25}},"6":{"start":{"line":56,"column":19},"end":{"line":58,"column":1}},"7":{"start":{"line":59,"column":19},"end":{"line":61,"column":1}},"8":{"start":{"line":63,"column":32},"end":{"line":63,"column":72}},"9":{"start":{"line":64,"column":2},"end":{"line":64,"column":319}},"10":{"start":{"line":65,"column":2},"end":{"line":65,"column":49}}},"fnMap":{"0":{"name":"render","decl":{"start":{"line":62,"column":9},"end":{"line":62,"column":15}},"loc":{"start":{"line":62,"column":63},"end":{"line":65,"column":1}},"line":62}},"branchMap":{},"s":{"0":0,"1":0,"2":0,"3":0,"4":0,"5":0,"6":0,"7":0,"8":0,"9":0,"10":0},"f":{"0":0},"b":{},"inputSourceMap":{"0":"{","1":"\"","2":"v","3":"e","4":"r","5":"s","6":"i","7":"o","8":"n","9":"\"","10":":","11":"3","12":",","13":"\"","14":"s","15":"o","16":"u","17":"r","18":"c","19":"e","20":"s","21":"\"","22":":","23":"[","24":"\"","25":"/","26":"U","27":"s","28":"e","29":"r","30":"s","31":"/","32":"s","33":"t","34":"e","35":"n","36":"n","37":"y","38":"/","39":"p","40":"r","41":"o","42":"j","43":"e","44":"c","45":"t","46":"s","47":"/","48":"i","49":"n","50":"s","51":"y","52":"n","53":"i","54":"u","55":"m","56":"/","57":"s","58":"t","59":"a","60":"r","61":"-","62":"w","63":"a","64":"r","65":"s","66":"-","67":"a","68":"p","69":"p","70":"/","71":"s","72":"r","73":"c","74":"/","75":"A","76":"p","77":"p","78":".","79":"v","80":"u","81":"e","82":"\"","83":"]","84":",","85":"\"","86":"n","87":"a","88":"m","89":"e","90":"s","91":"\"","92":":","93":"[","94":"]","95":",","96":"\"","97":"m","98":"a","99":"p","100":"p","101":"i","102":"n","103":"g","104":"s","105":"\"","106":":","107":"\"","108":";","109":";","110":";","111":";","112":";","113":";","114":";","115":";","116":"A","117":"A","118":"Y","119":"A","120":";","121":"A","122":"A","123":"A","124":"A","125":";","126":"A","127":"A","128":"A","129":"A","130":";","131":"A","132":"A","133":"C","134":"A","135":";","136":"A","137":"A","138":"A","139":"A","140":";","141":"A","142":"A","143":"A","144":"A","145":";","146":"A","147":"A","148":"C","149":"A","150":";","151":"A","152":"A","153":"A","154":"A","155":";","156":"A","157":"A","158":"A","159":"A","160":";","161":"A","162":"A","163":"A","164":"w","165":"E","166":";","167":"A","168":"A","169":"A","170":"A","171":"\"","172":",","173":"\"","174":"f","175":"i","176":"l","177":"e","178":"\"","179":":","180":"\"","181":"/","182":"U","183":"s","184":"e","185":"r","186":"s","187":"/","188":"s","189":"t","190":"e","191":"n","192":"n","193":"y","194":"/","195":"p","196":"r","197":"o","198":"j","199":"e","200":"c","201":"t","202":"s","203":"/","204":"i","205":"n","206":"s","207":"y","208":"n","209":"i","210":"u","211":"m","212":"/","213":"s","214":"t","215":"a","216":"r","217":"-","218":"w","219":"a","220":"r","221":"s","222":"-","223":"a","224":"p","225":"p","226":"/","227":"s","228":"r","229":"c","230":"/","231":"A","232":"p","233":"p","234":".","235":"v","236":"u","237":"e","238":"\"","239":",","240":"\"","241":"s","242":"o","243":"u","244":"r","245":"c","246":"e","247":"s","248":"C","249":"o","250":"n","251":"t","252":"e","253":"n","254":"t","255":"\"","256":":","257":"[","258":"\"","259":"<","260":"t","261":"e","262":"m","263":"p","264":"l","265":"a","266":"t","267":"e","268":">","269":"\\","270":"n","271":" ","272":" ","273":"<","274":"d","275":"i","276":"v","277":" ","278":"i","279":"d","280":"=","281":"\\","282":"\"","283":"a","284":"p","285":"p","286":"\\","287":"\"","288":">","289":"\\","290":"n","291":" ","292":" ","293":" ","294":" ","295":"<","296":"d","297":"i","298":"v","299":" ","300":"c","301":"l","302":"a","303":"s","304":"s","305":"=","306":"\\","307":"\"","308":"m","309":"a","310":"i","311":"n","312":"-","313":"a","314":"p","315":"p","316":"\\","317":"\"","318":">","319":"\\","320":"n","321":" ","322":" ","323":" ","324":" ","325":" ","326":" ","327":"<","328":"A","329":"p","330":"p","331":"H","332":"e","333":"a","334":"d","335":"e","336":"r","337":" ","338":"/","339":">","340":"\\","341":"n","342":" ","343":" ","344":" ","345":" ","346":" ","347":" ","348":"<","349":"E","350":"r","351":"r","352":"o","353":"r","354":"H","355":"a","356":"n","357":"d","358":"l","359":"e","360":"r","361":" ","362":"/","363":">","364":"\\","365":"n","366":" ","367":" ","368":" ","369":" ","370":" ","371":" ","372":"<","373":"I","374":"n","375":"i","376":"t","377":"i","378":"a","379":"l","380":"i","381":"z","382":"e","383":"D","384":"a","385":"t","386":"a","387":" ","388":"/","389":">","390":"\\","391":"n","392":" ","393":" ","394":" ","395":" ","396":" ","397":" ","398":"<","399":"R","400":"o","401":"u","402":"t","403":"e","404":"r","405":"V","406":"i","407":"e","408":"w","409":" ","410":"/","411":">","412":"\\","413":"n","414":" ","415":" ","416":" ","417":" ","418":"<","419":"/","420":"d","421":"i","422":"v","423":">","424":"\\","425":"n","426":" ","427":" ","428":"<","429":"/","430":"d","431":"i","432":"v","433":">","434":"\\","435":"n","436":"<","437":"/","438":"t","439":"e","440":"m","441":"p","442":"l","443":"a","444":"t","445":"e","446":">","447":"\\","448":"n","449":"\\","450":"n","451":"<","452":"s","453":"c","454":"r","455":"i","456":"p","457":"t","458":" ","459":"s","460":"e","461":"t","462":"u","463":"p","464":">","465":"\\","466":"n","467":"i","468":"m","469":"p","470":"o","471":"r","472":"t","473":" ","474":"A","475":"p","476":"p","477":"H","478":"e","479":"a","480":"d","481":"e","482":"r","483":" ","484":"f","485":"r","486":"o","487":"m","488":" ","489":"'","490":".","491":"/","492":"c","493":"o","494":"m","495":"p","496":"o","497":"n","498":"e","499":"n","500":"t","501":"s","502":"/","503":"A","504":"p","505":"p","506":"H","507":"e","508":"a","509":"d","510":"e","511":"r","512":".","513":"v","514":"u","515":"e","516":"'","517":";","518":"\\","519":"n","520":"i","521":"m","522":"p","523":"o","524":"r","525":"t","526":" ","527":"E","528":"r","529":"r","530":"o","531":"r","532":"H","533":"a","534":"n","535":"d","536":"l","537":"e","538":"r","539":" ","540":"f","541":"r","542":"o","543":"m","544":" ","545":"'","546":".","547":"/","548":"c","549":"o","550":"m","551":"p","552":"o","553":"n","554":"e","555":"n","556":"t","557":"s","558":"/","559":"E","560":"r","561":"r","562":"o","563":"r","564":"H","565":"a","566":"n","567":"d","568":"l","569":"e","570":"r","571":"/","572":"E","573":"r","574":"r","575":"o","576":"r","577":"H","578":"a","579":"n","580":"d","581":"l","582":"e","583":"r","584":".","585":"v","586":"u","587":"e","588":"'","589":";","590":"\\","591":"n","592":"i","593":"m","594":"p","595":"o","596":"r","597":"t","598":" ","599":"I","600":"n","601":"i","602":"t","603":"i","604":"a","605":"l","606":"i","607":"z","608":"e","609":"D","610":"a","611":"t","612":"a","613":" ","614":"f","615":"r","616":"o","617":"m","618":" ","619":"'","620":".","621":"/","622":"c","623":"o","624":"m","625":"p","626":"o","627":"n","628":"e","629":"n","630":"t","631":"s","632":"/","633":"I","634":"n","635":"i","636":"t","637":"i","638":"a","639":"l","640":"i","641":"z","642":"e","643":"/","644":"I","645":"n","646":"i","647":"t","648":"i","649":"a","650":"l","651":"i","652":"z","653":"e","654":"D","655":"a","656":"t","657":"a","658":".","659":"v","660":"u","661":"e","662":"'","663":";","664":"\\","665":"n","666":"\\","667":"n","668":"<","669":"/","670":"s","671":"c","672":"r","673":"i","674":"p","675":"t","676":">","677":"\\","678":"n","679":"\\","680":"n","681":"<","682":"s","683":"t","684":"y","685":"l","686":"e","687":">","688":"\\","689":"n","690":"#","691":"a","692":"p","693":"p","694":" ","695":"{","696":"\\","697":"n","698":" ","699":" ","700":"f","701":"o","702":"n","703":"t","704":"-","705":"f","706":"a","707":"m","708":"i","709":"l","710":"y","711":":","712":" ","713":"A","714":"v","715":"e","716":"n","717":"i","718":"r","719":",","720":" ","721":"H","722":"e","723":"l","724":"v","725":"e","726":"t","727":"i","728":"c","729":"a","730":",","731":" ","732":"A","733":"r","734":"i","735":"a","736":"l","737":",","738":" ","739":"s","740":"a","741":"n","742":"s","743":"-","744":"s","745":"e","746":"r","747":"i","748":"f","749":";","750":"\\","751":"n","752":" ","753":" ","754":"-","755":"w","756":"e","757":"b","758":"k","759":"i","760":"t","761":"-","762":"f","763":"o","764":"n","765":"t","766":"-","767":"s","768":"m","769":"o","770":"o","771":"t","772":"h","773":"i","774":"n","775":"g","776":":","777":" ","778":"a","779":"n","780":"t","781":"i","782":"a","783":"l","784":"i","785":"a","786":"s","787":"e","788":"d","789":";","790":"\\","791":"n","792":" ","793":" ","794":"-","795":"m","796":"o","797":"z","798":"-","799":"o","800":"s","801":"x","802":"-","803":"f","804":"o","805":"n","806":"t","807":"-","808":"s","809":"m","810":"o","811":"o","812":"t","813":"h","814":"i","815":"n","816":"g","817":":","818":" ","819":"g","820":"r","821":"a","822":"y","823":"s","824":"c","825":"a","826":"l","827":"e","828":";","829":"\\","830":"n","831":" ","832":" ","833":"t","834":"e","835":"x","836":"t","837":"-","838":"a","839":"l","840":"i","841":"g","842":"n","843":":","844":" ","845":"c","846":"e","847":"n","848":"t","849":"e","850":"r","851":";","852":"\\","853":"n","854":"}","855":"\\","856":"n","857":"\\","858":"n","859":".","860":"m","861":"a","862":"i","863":"n","864":"-","865":"a","866":"p","867":"p","868":" ","869":"{","870":"\\","871":"n","872":" ","873":" ","874":"m","875":"a","876":"x","877":"-","878":"w","879":"i","880":"d","881":"t","882":"h","883":":","884":" ","885":"1","886":"1","887":"0","888":"0","889":"p","890":"x","891":";","892":"\\","893":"n","894":" ","895":" ","896":"m","897":"a","898":"r","899":"g","900":"i","901":"n","902":":","903":" ","904":"0","905":" ","906":"a","907":"u","908":"t","909":"o","910":" ","911":"2","912":"0","913":"p","914":"x","915":";","916":"\\","917":"n","918":" ","919":" ","920":"p","921":"o","922":"s","923":"i","924":"t","925":"i","926":"o","927":"n","928":":","929":" ","930":"r","931":"e","932":"l","933":"a","934":"t","935":"i","936":"v","937":"e","938":";","939":"\\","940":"n","941":" ","942":" ","943":"z","944":"-","945":"i","946":"n","947":"d","948":"e","949":"x","950":":","951":" ","952":"2","953":"0","954":";","955":"\\","956":"n","957":"}","958":"\\","959":"n","960":"<","961":"/","962":"s","963":"t","964":"y","965":"l","966":"e","967":">","968":"\\","969":"n","970":"\"","971":"]","972":"}"}}
,"/Users/stenny/projects/insynium/star-wars-app/src/components/AppHeader.vue": {"path":"/Users/stenny/projects/insynium/star-wars-app/src/components/AppHeader.vue","statementMap":{"0":{"start":{"line":4,"column":0},"end":{"line":6,"column":3}},"1":{"start":{"line":7,"column":0},"end":{"line":7,"column":25}},"2":{"start":{"line":81,"column":0},"end":{"line":83,"column":3}},"3":{"start":{"line":84,"column":0},"end":{"line":84,"column":24}},"4":{"start":{"line":85,"column":11},"end":{"line":85,"column":25}},"5":{"start":{"line":86,"column":19},"end":{"line":88,"column":1}},"6":{"start":{"line":89,"column":19},"end":{"line":91,"column":1}},"7":{"start":{"line":92,"column":19},"end":{"line":94,"column":1}},"8":{"start":{"line":95,"column":32},"end":{"line":97,"column":28}},"9":{"start":{"line":98,"column":19},"end":{"line":100,"column":1}},"10":{"start":{"line":102,"column":37},"end":{"line":102,"column":82}},"11":{"start":{"line":103,"column":36},"end":{"line":103,"column":80}},"12":{"start":{"line":104,"column":30},"end":{"line":104,"column":68}},"13":{"start":{"line":105,"column":31},"end":{"line":105,"column":70}},"14":{"start":{"line":106,"column":2},"end":{"line":137,"column":38}},"15":{"start":{"line":108,"column":63},"end":{"line":108,"column":89}},"16":{"start":{"line":113,"column":37},"end":{"line":135,"column":46}},"17":{"start":{"line":114,"column":39},"end":{"line":114,"column":88}},"18":{"start":{"line":117,"column":6},"end":{"line":129,"column":53}},"19":{"start":{"line":121,"column":41},"end":{"line":127,"column":52}},"20":{"start":{"line":124,"column":43},"end":{"line":124,"column":122}},"21":{"start":{"line":132,"column":65},"end":{"line":132,"column":87}},"22":{"start":{"line":138,"column":2},"end":{"line":138,"column":49}}},"fnMap":{"0":{"name":"render","decl":{"start":{"line":101,"column":9},"end":{"line":101,"column":15}},"loc":{"start":{"line":101,"column":63},"end":{"line":138,"column":1}},"line":101},"1":{"name":"(anonymous_1)","decl":{"start":{"line":108,"column":53},"end":{"line":108,"column":54}},"loc":{"start":{"line":108,"column":63},"end":{"line":108,"column":89}},"line":108},"2":{"name":"(anonymous_2)","decl":{"start":{"line":113,"column":31},"end":{"line":113,"column":32}},"loc":{"start":{"line":113,"column":37},"end":{"line":135,"column":46}},"line":113},"3":{"name":"(anonymous_3)","decl":{"start":{"line":114,"column":33},"end":{"line":114,"column":34}},"loc":{"start":{"line":114,"column":39},"end":{"line":114,"column":88}},"line":114},"4":{"name":"(anonymous_4)","decl":{"start":{"line":116,"column":123},"end":{"line":116,"column":124}},"loc":{"start":{"line":116,"column":131},"end":{"line":130,"column":5}},"line":116},"5":{"name":"(anonymous_5)","decl":{"start":{"line":121,"column":35},"end":{"line":121,"column":36}},"loc":{"start":{"line":121,"column":41},"end":{"line":127,"column":52}},"line":121},"6":{"name":"(anonymous_6)","decl":{"start":{"line":124,"column":37},"end":{"line":124,"column":38}},"loc":{"start":{"line":124,"column":43},"end":{"line":124,"column":122}},"line":124},"7":{"name":"(anonymous_7)","decl":{"start":{"line":132,"column":55},"end":{"line":132,"column":56}},"loc":{"start":{"line":132,"column":65},"end":{"line":132,"column":87}},"line":132}},"branchMap":{"0":{"loc":{"start":{"line":108,"column":27},"end":{"line":108,"column":90}},"type":"binary-expr","locations":[{"start":{"line":108,"column":27},"end":{"line":108,"column":36}},{"start":{"line":108,"column":41},"end":{"line":108,"column":89}}],"line":108},"1":{"loc":{"start":{"line":132,"column":29},"end":{"line":132,"column":88}},"type":"binary-expr","locations":[{"start":{"line":132,"column":29},"end":{"line":132,"column":38}},{"start":{"line":132,"column":43},"end":{"line":132,"column":87}}],"line":132}},"s":{"0":0,"1":0,"2":0,"3":0,"4":0,"5":0,"6":0,"7":0,"8":0,"9":0,"10":0,"11":0,"12":0,"13":0,"14":0,"15":0,"16":0,"17":0,"18":0,"19":0,"20":0,"21":0,"22":0},"f":{"0":0,"1":0,"2":0,"3":0,"4":0,"5":0,"6":0,"7":0},"b":{"0":[0,0],"1":[0,0]},"inputSourceMap":{"0":"{","1":"\"","2":"v","3":"e","4":"r","5":"s","6":"i","7":"o","8":"n","9":"\"","10":":","11":"3","12":",","13":"\"","14":"s","15":"o","16":"u","17":"r","18":"c","19":"e","20":"s","21":"\"","22":":","23":"[","24":"\"","25":"/","26":"U","27":"s","28":"e","29":"r","30":"s","31":"/","32":"s","33":"t","34":"e","35":"n","36":"n","37":"y","38":"/","39":"p","40":"r","41":"o","42":"j","43":"e","44":"c","45":"t","46":"s","47":"/","48":"i","49":"n","50":"s","51":"y","52":"n","53":"i","54":"u","55":"m","56":"/","57":"s","58":"t","59":"a","60":"r","61":"-","62":"w","63":"a","64":"r","65":"s","66":"-","67":"a","68":"p","69":"p","70":"/","71":"s","72":"r","73":"c","74":"/","75":"c","76":"o","77":"m","78":"p","79":"o","80":"n","81":"e","82":"n","83":"t","84":"s","85":"/","86":"A","87":"p","88":"p","89":"H","90":"e","91":"a","92":"d","93":"e","94":"r","95":".","96":"v","97":"u","98":"e","99":"\"","100":"]","101":",","102":"\"","103":"n","104":"a","105":"m","106":"e","107":"s","108":"\"","109":":","110":"[","111":"]","112":",","113":"\"","114":"m","115":"a","116":"p","117":"p","118":"i","119":"n","120":"g","121":"s","122":"\"","123":":","124":"\"","125":";","126":";","127":";","128":";","129":";","130":";","131":";","132":"A","133":"A","134":"s","135":"C","136":"A","137":";","138":"A","139":"A","140":"A","141":"A","142":";","143":"A","144":"A","145":"A","146":"A","147":";","148":"A","149":"A","150":"C","151":"A","152":";","153":"A","154":"A","155":"A","156":"A","157":";","158":"A","159":"A","160":"A","161":"A","162":";","163":"A","164":"A","165":"A","166":"w","167":"C","168":";","169":"A","170":"A","171":"A","172":"A","173":";","174":";","175":";","176":";","177":";","178":";","179":"I","180":"A","181":"E","182":"x","183":"C","184":",","185":"M","186":"A","187":"A","188":"M","189":",","190":"U","191":"A","192":"A","193":"U","194":";","195":"I","196":"A","197":"A","198":"G","199":";","200":"I","201":"A","202":"A","203":"A","204":";","205":"I","206":"A","207":"A","208":"A","209":";","210":"I","211":"A","212":"A","213":"A","214":";","215":"I","216":"A","217":"A","218":"A","219":";","220":"I","221":"A","222":"A","223":"A","224":",","225":"G","226":"A","227":"A","228":"G","229":",","230":"E","231":"A","232":"A","233":"C","234":",","235":"C","236":"A","237":"A","238":"C","239":",","240":"C","241":"A","242":"A","243":"C","244":";","245":"I","246":"A","247":"E","248":"z","249":"B","250":",","251":"M","252":"A","253":"A","254":"M","255":",","256":"M","257":"A","258":"A","259":"M","260":";","261":"I","262":"A","263":"A","264":"G","265":";","266":"I","267":"A","268":"A","269":"A","270":";","271":"I","272":"A","273":"A","274":"A","275":";","276":"I","277":"A","278":"A","279":"A","280":";","281":"I","282":"A","283":"A","284":"A","285":";","286":"I","287":"A","288":"A","289":"A","290":",","291":"G","292":"A","293":"A","294":"G","295":",","296":"E","297":"A","298":"A","299":"C","300":",","301":"E","302":"A","303":"A","304":"E","305":",","306":"C","307":"A","308":"A","309":"C","310":";","311":";","312":"I","313":"A","314":"E","315":"t","316":"B","317":";","318":"A","319":"A","320":"C","321":"A","322":";","323":"A","324":"A","325":"C","326":"A","327":";","328":"I","329":"A","330":"C","331":"A","332":",","333":"M","334":"A","335":"A","336":"M","337":",","338":"K","339":"A","340":"A","341":"K","342":";","343":"I","344":"A","345":"A","346":"G","347":";","348":"I","349":"A","350":"A","351":"A","352":";","353":"I","354":"A","355":"A","356":"A","357":";","358":"I","359":"A","360":"A","361":"A","362":";","363":"I","364":"A","365":"A","366":"A","367":";","368":"I","369":"A","370":"A","371":"A","372":",","373":"G","374":"A","375":"A","376":"G","377":",","378":"E","379":"A","380":"A","381":"C","382":",","383":"C","384":"A","385":"C","386":"h","387":"B","388":";","389":"M","390":"A","391":"C","392":"E","393":",","394":"K","395":"A","396":"A","397":"K","398":",","399":"E","400":"A","401":"A","402":"E","403":",","404":"C","405":"A","406":"A","407":"C","408":";","409":"M","410":"A","411":"C","412":"R","413":",","414":"I","415":"A","416":"A","417":"I","418":",","419":"E","420":"A","421":"A","422":"E","423":",","424":"G","425":"A","426":"A","427":"G","428":";","429":"M","430":"A","431":"C","432":"T","433":",","434":"I","435":"A","436":"A","437":"I","438":",","439":"E","440":"A","441":"A","442":"E","443":";","444":"I","445":"A","446":"C","447":"R","448":",","449":"C","450":"A","451":"A","452":"C","453":",","454":"E","455":"A","456":"C","457":"D","458":";","459":"M","460":"A","461":"C","462":"E","463":",","464":"K","465":"A","466":"A","467":"K","468":",","469":"E","470":"A","471":"A","472":"E","473":",","474":"C","475":"A","476":"A","477":"C","478":";","479":"M","480":"A","481":"C","482":"R","483":",","484":"I","485":"A","486":"A","487":"I","488":",","489":"E","490":"A","491":"A","492":"E","493":",","494":"i","495":"B","496":"A","497":"A","498":"i","499":"B","500":";","501":"M","502":"A","503":"C","504":"v","505":"B","506":",","507":"I","508":"A","509":"A","510":"I","511":",","512":"E","513":"A","514":"A","515":"E","516":";","517":"I","518":"A","519":"C","520":"R","521":",","522":"C","523":"A","524":"A","525":"C","526":",","527":"C","528":"A","529":"C","530":"F","531":",","532":"C","533":"A","534":"A","535":"C","536":"\"","537":",","538":"\"","539":"f","540":"i","541":"l","542":"e","543":"\"","544":":","545":"\"","546":"/","547":"U","548":"s","549":"e","550":"r","551":"s","552":"/","553":"s","554":"t","555":"e","556":"n","557":"n","558":"y","559":"/","560":"p","561":"r","562":"o","563":"j","564":"e","565":"c","566":"t","567":"s","568":"/","569":"i","570":"n","571":"s","572":"y","573":"n","574":"i","575":"u","576":"m","577":"/","578":"s","579":"t","580":"a","581":"r","582":"-","583":"w","584":"a","585":"r","586":"s","587":"-","588":"a","589":"p","590":"p","591":"/","592":"s","593":"r","594":"c","595":"/","596":"c","597":"o","598":"m","599":"p","600":"o","601":"n","602":"e","603":"n","604":"t","605":"s","606":"/","607":"A","608":"p","609":"p","610":"H","611":"e","612":"a","613":"d","614":"e","615":"r","616":".","617":"v","618":"u","619":"e","620":"\"","621":",","622":"\"","623":"s","624":"o","625":"u","626":"r","627":"c","628":"e","629":"s","630":"C","631":"o","632":"n","633":"t","634":"e","635":"n","636":"t","637":"\"","638":":","639":"[","640":"\"","641":"<","642":"t","643":"e","644":"m","645":"p","646":"l","647":"a","648":"t","649":"e","650":">","651":"\\","652":"n","653":" ","654":" ","655":"<","656":"d","657":"i","658":"v","659":" ","660":"c","661":"l","662":"a","663":"s","664":"s","665":"=","666":"\\","667":"\"","668":"m","669":"a","670":"i","671":"n","672":"-","673":"h","674":"e","675":"a","676":"d","677":"e","678":"r","679":"\\","680":"\"","681":">","682":"\\","683":"n","684":" ","685":" ","686":" ","687":" ","688":"<","689":"v","690":"s","691":"-","692":"n","693":"a","694":"v","695":"b","696":"a","697":"r","698":"\\","699":"n","700":" ","701":" ","702":" ","703":" ","704":" ","705":" ","706":"v","707":"-","708":"m","709":"o","710":"d","711":"e","712":"l","713":"=","714":"\\","715":"\"","716":"a","717":"c","718":"t","719":"i","720":"v","721":"e","722":"I","723":"t","724":"e","725":"m","726":"\\","727":"\"","728":"\\","729":"n","730":" ","731":" ","732":" ","733":" ","734":" ","735":" ","736":"c","737":"l","738":"a","739":"s","740":"s","741":"=","742":"\\","743":"\"","744":"n","745":"a","746":"b","747":"a","748":"r","749":"x","750":"\\","751":"\"","752":"\\","753":"n","754":" ","755":" ","756":" ","757":" ","758":" ","759":" ","760":"a","761":"c","762":"t","763":"i","764":"v","765":"e","766":"-","767":"t","768":"e","769":"x","770":"t","771":"-","772":"c","773":"o","774":"l","775":"o","776":"r","777":"=","778":"\\","779":"\"","780":"#","781":"5","782":"b","783":"3","784":"c","785":"c","786":"4","787":"\\","788":"\"","789":"\\","790":"n","791":" ","792":" ","793":" ","794":" ","795":" ","796":" ","797":"t","798":"y","799":"p","800":"e","801":"=","802":"\\","803":"\"","804":"f","805":"l","806":"a","807":"t","808":"\\","809":"\"","810":"\\","811":"n","812":" ","813":" ","814":" ","815":" ","816":">","817":"\\","818":"n","819":" ","820":" ","821":" ","822":" ","823":" ","824":" ","825":"<","826":"d","827":"i","828":"v","829":" ","830":"c","831":"l","832":"a","833":"s","834":"s","835":"=","836":"\\","837":"\"","838":"n","839":"a","840":"v","841":"b","842":"a","843":"r","844":"-","845":"i","846":"t","847":"e","848":"m","849":"\\","850":"\"","851":">","852":"\\","853":"n","854":" ","855":" ","856":" ","857":" ","858":" ","859":" ","860":" ","861":" ","862":"<","863":"d","864":"i","865":"v","866":" ","867":"s","868":"l","869":"o","870":"t","871":"=","872":"\\","873":"\"","874":"t","875":"i","876":"t","877":"l","878":"e","879":"\\","880":"\"","881":">","882":"\\","883":"n","884":" ","885":" ","886":" ","887":" ","888":" ","889":" ","890":" ","891":" ","892":" ","893":" ","894":"<","895":"v","896":"s","897":"-","898":"n","899":"a","900":"v","901":"b","902":"a","903":"r","904":"-","905":"t","906":"i","907":"t","908":"l","909":"e","910":">","911":"\\","912":"n","913":" ","914":" ","915":" ","916":" ","917":" ","918":" ","919":" ","920":" ","921":" ","922":" ","923":" ","924":" ","925":"S","926":"t","927":"a","928":"r","929":" ","930":"<","931":"s","932":"p","933":"a","934":"n","935":" ","936":"c","937":"l","938":"a","939":"s","940":"s","941":"=","942":"\\","943":"\"","944":"t","945":"i","946":"t","947":"l","948":"e","949":"\\","950":"\"","951":">","952":"W","953":"a","954":"r","955":"s","956":"<","957":"/","958":"s","959":"p","960":"a","961":"n","962":">","963":"\\","964":"n","965":" ","966":" ","967":" ","968":" ","969":" ","970":" ","971":" ","972":" ","973":" ","974":" ","975":"<","976":"/","977":"v","978":"s","979":"-","980":"n","981":"a","982":"v","983":"b","984":"a","985":"r","986":"-","987":"t","988":"i","989":"t","990":"l","991":"e","992":">","993":"\\","994":"n","995":" ","996":" ","997":" ","998":" ","999":" ","1000":" ","1001":" ","1002":" ","1003":"<","1004":"/","1005":"d","1006":"i","1007":"v","1008":">","1009":"\\","1010":"n","1011":"\\","1012":"n","1013":" ","1014":" ","1015":" ","1016":" ","1017":" ","1018":" ","1019":" ","1020":" ","1021":"<","1022":"v","1023":"s","1024":"-","1025":"n","1026":"a","1027":"v","1028":"b","1029":"a","1030":"r","1031":"-","1032":"i","1033":"t","1034":"e","1035":"m","1036":"\\","1037":"n","1038":" ","1039":" ","1040":" ","1041":" ","1042":" ","1043":" ","1044":" ","1045":" ","1046":" ","1047":" ","1048":"v","1049":"-","1050":"f","1051":"o","1052":"r","1053":"=","1054":"\\","1055":"\"","1056":"p","1057":"a","1058":"t","1059":"h","1060":" ","1061":"i","1062":"n","1063":" ","1064":"p","1065":"a","1066":"t","1067":"h","1068":"s","1069":"\\","1070":"\"","1071":"\\","1072":"n","1073":" ","1074":" ","1075":" ","1076":" ","1077":" ","1078":" ","1079":" ","1080":" ","1081":" ","1082":" ","1083":":","1084":"k","1085":"e","1086":"y","1087":"=","1088":"\\","1089":"\"","1090":"p","1091":"a","1092":"t","1093":"h","1094":".","1095":"i","1096":"n","1097":"d","1098":"e","1099":"x","1100":"\\","1101":"\"","1102":"\\","1103":"n","1104":" ","1105":" ","1106":" ","1107":" ","1108":" ","1109":" ","1110":" ","1111":" ","1112":" ","1113":" ","1114":":","1115":"i","1116":"n","1117":"d","1118":"e","1119":"x","1120":"=","1121":"\\","1122":"\"","1123":"p","1124":"a","1125":"t","1126":"h","1127":".","1128":"i","1129":"n","1130":"d","1131":"e","1132":"x","1133":"\\","1134":"\"","1135":"\\","1136":"n","1137":" ","1138":" ","1139":" ","1140":" ","1141":" ","1142":" ","1143":" ","1144":" ","1145":">","1146":"\\","1147":"n","1148":" ","1149":" ","1150":" ","1151":" ","1152":" ","1153":" ","1154":" ","1155":" ","1156":" ","1157":" ","1158":"<","1159":"R","1160":"o","1161":"u","1162":"t","1163":"e","1164":"r","1165":"L","1166":"i","1167":"n","1168":"k","1169":" ","1170":":","1171":"t","1172":"o","1173":"=","1174":"\\","1175":"\"","1176":"p","1177":"a","1178":"t","1179":"h","1180":".","1181":"l","1182":"i","1183":"n","1184":"k","1185":"\\","1186":"\"","1187":">","1188":"\\","1189":"n","1190":" ","1191":" ","1192":" ","1193":" ","1194":" ","1195":" ","1196":" ","1197":" ","1198":" ","1199":" ","1200":" ","1201":" ","1202":"{","1203":"{","1204":" ","1205":"p","1206":"a","1207":"t","1208":"h","1209":".","1210":"n","1211":"a","1212":"m","1213":"e","1214":" ","1215":"}","1216":"}","1217":"\\","1218":"n","1219":" ","1220":" ","1221":" ","1222":" ","1223":" ","1224":" ","1225":" ","1226":" ","1227":" ","1228":" ","1229":"<","1230":"/","1231":"R","1232":"o","1233":"u","1234":"t","1235":"e","1236":"r","1237":"L","1238":"i","1239":"n","1240":"k","1241":">","1242":"\\","1243":"n","1244":" ","1245":" ","1246":" ","1247":" ","1248":" ","1249":" ","1250":" ","1251":" ","1252":"<","1253":"/","1254":"v","1255":"s","1256":"-","1257":"n","1258":"a","1259":"v","1260":"b","1261":"a","1262":"r","1263":"-","1264":"i","1265":"t","1266":"e","1267":"m","1268":">","1269":"\\","1270":"n","1271":" ","1272":" ","1273":" ","1274":" ","1275":" ","1276":" ","1277":"<","1278":"/","1279":"d","1280":"i","1281":"v","1282":">","1283":"\\","1284":"n","1285":"\\","1286":"n","1287":" ","1288":" ","1289":" ","1290":" ","1291":" ","1292":" ","1293":"<","1294":"d","1295":"i","1296":"v","1297":" ","1298":"c","1299":"l","1300":"a","1301":"s","1302":"s","1303":"=","1304":"\\","1305":"\"","1306":"n","1307":"a","1308":"v","1309":"b","1310":"a","1311":"r","1312":"-","1313":"s","1314":"e","1315":"a","1316":"r","1317":"c","1318":"h","1319":"\\","1320":"\"","1321":">","1322":"\\","1323":"n","1324":" ","1325":" ","1326":" ","1327":" ","1328":" ","1329":" ","1330":" ","1331":" ","1332":"<","1333":"v","1334":"s","1335":"-","1336":"i","1337":"n","1338":"p","1339":"u","1340":"t","1341":"\\","1342":"n","1343":" ","1344":" ","1345":" ","1346":" ","1347":" ","1348":" ","1349":" ","1350":" ","1351":" ","1352":" ","1353":"v","1354":"-","1355":"m","1356":"o","1357":"d","1358":"e","1359":"l","1360":"=","1361":"\\","1362":"\"","1363":"s","1364":"e","1365":"a","1366":"r","1367":"c","1368":"h","1369":"\\","1370":"\"","1371":"\\","1372":"n","1373":" ","1374":" ","1375":" ","1376":" ","1377":" ","1378":" ","1379":" ","1380":" ","1381":" ","1382":" ","1383":"i","1384":"c","1385":"o","1386":"n","1387":"=","1388":"\\","1389":"\"","1390":"s","1391":"e","1392":"a","1393":"r","1394":"c","1395":"h","1396":"\\","1397":"\"","1398":"\\","1399":"n","1400":" ","1401":" ","1402":" ","1403":" ","1404":" ","1405":" ","1406":" ","1407":" ","1408":" ","1409":" ","1410":"p","1411":"l","1412":"a","1413":"c","1414":"e","1415":"h","1416":"o","1417":"l","1418":"d","1419":"e","1420":"r","1421":"=","1422":"\\","1423":"\"","1424":"S","1425":"e","1426":"a","1427":"r","1428":"c","1429":"h","1430":"\\","1431":"\"","1432":"\\","1433":"n","1434":" ","1435":" ","1436":" ","1437":" ","1438":" ","1439":" ","1440":" ","1441":" ","1442":"/","1443":">","1444":"\\","1445":"n","1446":" ","1447":" ","1448":" ","1449":" ","1450":" ","1451":" ","1452":"<","1453":"/","1454":"d","1455":"i","1456":"v","1457":">","1458":"\\","1459":"n","1460":" ","1461":" ","1462":" ","1463":" ","1464":"<","1465":"/","1466":"v","1467":"s","1468":"-","1469":"n","1470":"a","1471":"v","1472":"b","1473":"a","1474":"r","1475":">","1476":"\\","1477":"n","1478":" ","1479":" ","1480":"<","1481":"/","1482":"d","1483":"i","1484":"v","1485":">","1486":"\\","1487":"n","1488":"<","1489":"/","1490":"t","1491":"e","1492":"m","1493":"p","1494":"l","1495":"a","1496":"t","1497":"e","1498":">","1499":"\\","1500":"n","1501":"\\","1502":"n","1503":"<","1504":"s","1505":"c","1506":"r","1507":"i","1508":"p","1509":"t","1510":" ","1511":"s","1512":"e","1513":"t","1514":"u","1515":"p","1516":">","1517":"\\","1518":"n","1519":"i","1520":"m","1521":"p","1522":"o","1523":"r","1524":"t","1525":" ","1526":"{","1527":" ","1528":"r","1529":"e","1530":"f","1531":" ","1532":"}","1533":" ","1534":"f","1535":"r","1536":"o","1537":"m","1538":" ","1539":"'","1540":"v","1541":"u","1542":"e","1543":"'","1544":";","1545":"\\","1546":"n","1547":"i","1548":"m","1549":"p","1550":"o","1551":"r","1552":"t","1553":" ","1554":"{","1555":" ","1556":"R","1557":"o","1558":"u","1559":"t","1560":"e","1561":"r","1562":"L","1563":"i","1564":"n","1565":"k","1566":" ","1567":"}","1568":" ","1569":"f","1570":"r","1571":"o","1572":"m","1573":" ","1574":"'","1575":"v","1576":"u","1577":"e","1578":"-","1579":"r","1580":"o","1581":"u","1582":"t","1583":"e","1584":"r","1585":"'","1586":";","1587":"\\","1588":"n","1589":"\\","1590":"n","1591":"c","1592":"o","1593":"n","1594":"s","1595":"t","1596":" ","1597":"a","1598":"c","1599":"t","1600":"i","1601":"v","1602":"e","1603":"I","1604":"t","1605":"e","1606":"m","1607":" ","1608":"=","1609":" ","1610":"r","1611":"e","1612":"f","1613":"(","1614":"0","1615":")","1616":";","1617":"\\","1618":"n","1619":"\\","1620":"n","1621":"c","1622":"o","1623":"n","1624":"s","1625":"t","1626":" ","1627":"s","1628":"e","1629":"a","1630":"r","1631":"c","1632":"h","1633":" ","1634":"=","1635":" ","1636":"r","1637":"e","1638":"f","1639":"(","1640":"'","1641":"'","1642":")","1643":";","1644":"\\","1645":"n","1646":"\\","1647":"n","1648":"/","1649":"*","1650":"*","1651":"\\","1652":"n","1653":" ","1654":"*","1655":" ","1656":"P","1657":"a","1658":"t","1659":"h","1660":"s","1661":" ","1662":"l","1663":"i","1664":"s","1665":"t","1666":"\\","1667":"n","1668":" ","1669":"*","1670":"/","1671":"\\","1672":"n","1673":"c","1674":"o","1675":"n","1676":"s","1677":"t","1678":" ","1679":"p","1680":"a","1681":"t","1682":"h","1683":"s","1684":" ","1685":"=","1686":" ","1687":"r","1688":"e","1689":"f","1690":"(","1691":"[","1692":"\\","1693":"n","1694":" ","1695":" ","1696":"{","1697":"\\","1698":"n","1699":" ","1700":" ","1701":" ","1702":" ","1703":"i","1704":"n","1705":"d","1706":"e","1707":"x","1708":":","1709":" ","1710":"0","1711":",","1712":"\\","1713":"n","1714":" ","1715":" ","1716":" ","1717":" ","1718":"l","1719":"i","1720":"n","1721":"k","1722":":","1723":" ","1724":"'","1725":"/","1726":"'","1727":",","1728":"\\","1729":"n","1730":" ","1731":" ","1732":" ","1733":" ","1734":"n","1735":"a","1736":"m","1737":"e","1738":":","1739":" ","1740":"'","1741":"M","1742":"o","1743":"v","1744":"i","1745":"e","1746":"s","1747":"'","1748":",","1749":"\\","1750":"n","1751":" ","1752":" ","1753":"}","1754":",","1755":"\\","1756":"n","1757":" ","1758":" ","1759":"{","1760":"\\","1761":"n","1762":" ","1763":" ","1764":" ","1765":" ","1766":"i","1767":"n","1768":"d","1769":"e","1770":"x","1771":":","1772":" ","1773":"1","1774":",","1775":"\\","1776":"n","1777":" ","1778":" ","1779":" ","1780":" ","1781":"l","1782":"i","1783":"n","1784":"k","1785":":","1786":" ","1787":"'","1788":"/","1789":"c","1790":"l","1791":"a","1792":"s","1793":"s","1794":"i","1795":"c","1796":"-","1797":"m","1798":"o","1799":"v","1800":"i","1801":"e","1802":"s","1803":"'","1804":",","1805":"\\","1806":"n","1807":" ","1808":" ","1809":" ","1810":" ","1811":"n","1812":"a","1813":"m","1814":"e","1815":":","1816":" ","1817":"'","1818":"C","1819":"l","1820":"a","1821":"s","1822":"s","1823":"i","1824":"c","1825":"s","1826":"'","1827":",","1828":"\\","1829":"n","1830":" ","1831":" ","1832":"}","1833":",","1834":"\\","1835":"n","1836":"]","1837":")","1838":";","1839":"\\","1840":"n","1841":"\\","1842":"n","1843":"<","1844":"/","1845":"s","1846":"c","1847":"r","1848":"i","1849":"p","1850":"t","1851":">","1852":"\\","1853":"n","1854":"\\","1855":"n","1856":"<","1857":"s","1858":"t","1859":"y","1860":"l","1861":"e","1862":">","1863":"\\","1864":"n","1865":" ","1866":" ","1867":".","1868":"m","1869":"a","1870":"i","1871":"n","1872":"-","1873":"h","1874":"e","1875":"a","1876":"d","1877":"e","1878":"r","1879":" ","1880":"{","1881":"\\","1882":"n","1883":" ","1884":" ","1885":" ","1886":" ","1887":"p","1888":"a","1889":"d","1890":"d","1891":"i","1892":"n","1893":"g","1894":":","1895":" ","1896":"1","1897":"0","1898":"p","1899":"x","1900":";","1901":"\\","1902":"n","1903":" ","1904":" ","1905":" ","1906":" ","1907":"p","1908":"o","1909":"s","1910":"i","1911":"t","1912":"i","1913":"o","1914":"n","1915":":","1916":" ","1917":"s","1918":"t","1919":"i","1920":"c","1921":"k","1922":"y","1923":";","1924":"\\","1925":"n","1926":" ","1927":" ","1928":" ","1929":" ","1930":"z","1931":"-","1932":"i","1933":"n","1934":"d","1935":"e","1936":"x","1937":":","1938":" ","1939":"2","1940":";","1941":"\\","1942":"n","1943":" ","1944":" ","1945":" ","1946":" ","1947":"t","1948":"o","1949":"p","1950":":","1951":" ","1952":"0","1953":";","1954":"\\","1955":"n","1956":" ","1957":" ","1958":" ","1959":" ","1960":"b","1961":"a","1962":"c","1963":"k","1964":"g","1965":"r","1966":"o","1967":"u","1968":"n","1969":"d","1970":"-","1971":"c","1972":"o","1973":"l","1974":"o","1975":"r","1976":":","1977":" ","1978":"w","1979":"h","1980":"i","1981":"t","1982":"e","1983":";","1984":"\\","1985":"n","1986":" ","1987":" ","1988":" ","1989":" ","1990":"b","1991":"o","1992":"x","1993":"-","1994":"s","1995":"h","1996":"a","1997":"d","1998":"o","1999":"w","2000":":","2001":" ","2002":"0","2003":" ","2004":"2","2005":"p","2006":"x","2007":" ","2008":"4","2009":"p","2010":"x","2011":" ","2012":"r","2013":"g","2014":"b","2015":"a","2016":"(","2017":"0","2018":",","2019":" ","2020":"0","2021":",","2022":" ","2023":"0","2024":",","2025":" ","2026":"0","2027":".","2028":"1","2029":")","2030":",","2031":" ","2032":"0","2033":" ","2034":"4","2035":"p","2036":"x","2037":" ","2038":"8","2039":"p","2040":"x","2041":" ","2042":"r","2043":"g","2044":"b","2045":"a","2046":"(","2047":"0","2048":",","2049":" ","2050":"0","2051":",","2052":" ","2053":"0","2054":",","2055":" ","2056":"0","2057":".","2058":"1","2059":")","2060":";","2061":"\\","2062":"n","2063":" ","2064":" ","2065":"}","2066":"\\","2067":"n","2068":"\\","2069":"n","2070":" ","2071":" ","2072":".","2073":"t","2074":"i","2075":"t","2076":"l","2077":"e","2078":" ","2079":"{","2080":"\\","2081":"n","2082":" ","2083":" ","2084":" ","2085":" ","2086":"c","2087":"o","2088":"l","2089":"o","2090":"r","2091":":","2092":" ","2093":"#","2094":"5","2095":"b","2096":"3","2097":"c","2098":"c","2099":"4","2100":";","2101":"\\","2102":"n","2103":" ","2104":" ","2105":" ","2106":" ","2107":"f","2108":"o","2109":"n","2110":"t","2111":"-","2112":"w","2113":"e","2114":"i","2115":"g","2116":"h","2117":"t","2118":":","2119":" ","2120":"b","2121":"o","2122":"l","2123":"d","2124":";","2125":"\\","2126":"n","2127":" ","2128":" ","2129":"}","2130":"\\","2131":"n","2132":"\\","2133":"n","2134":" ","2135":" ","2136":".","2137":"v","2138":"s","2139":"-","2140":"c","2141":"o","2142":"n","2143":"-","2144":"i","2145":"t","2146":"e","2147":"m","2148":"s","2149":" ","2150":"{","2151":"\\","2152":"n","2153":" ","2154":" ","2155":" ","2156":" ","2157":"w","2158":"i","2159":"d","2160":"t","2161":"h","2162":":","2163":" ","2164":"1","2165":"0","2166":"0","2167":"%","2168":";","2169":"\\","2170":"n","2171":" ","2172":" ","2173":" ","2174":" ","2175":"j","2176":"u","2177":"s","2178":"t","2179":"i","2180":"f","2181":"y","2182":"-","2183":"c","2184":"o","2185":"n","2186":"t","2187":"e","2188":"n","2189":"t","2190":":","2191":" ","2192":"s","2193":"p","2194":"a","2195":"c","2196":"e","2197":"-","2198":"b","2199":"e","2200":"t","2201":"w","2202":"e","2203":"e","2204":"n","2205":" ","2206":"!","2207":"i","2208":"m","2209":"p","2210":"o","2211":"r","2212":"t","2213":"a","2214":"n","2215":"t","2216":";","2217":"\\","2218":"n","2219":" ","2220":" ","2221":" ","2222":" ","2223":"m","2224":"i","2225":"n","2226":"-","2227":"h","2228":"e","2229":"i","2230":"g","2231":"h","2232":"t","2233":":","2234":" ","2235":"6","2236":"0","2237":"p","2238":"x","2239":";","2240":"\\","2241":"n","2242":" ","2243":" ","2244":" ","2245":" ","2246":"p","2247":"a","2248":"d","2249":"d","2250":"i","2251":"n","2252":"g","2253":"-","2254":"r","2255":"i","2256":"g","2257":"h","2258":"t","2259":":","2260":" ","2261":"1","2262":"0","2263":"p","2264":"x","2265":";","2266":"\\","2267":"n","2268":" ","2269":" ","2270":"}","2271":"\\","2272":"n","2273":"\\","2274":"n","2275":" ","2276":" ","2277":".","2278":"n","2279":"a","2280":"v","2281":"b","2282":"a","2283":"r","2284":"-","2285":"i","2286":"t","2287":"e","2288":"m","2289":" ","2290":"{","2291":"\\","2292":"n","2293":" ","2294":" ","2295":" ","2296":" ","2297":"d","2298":"i","2299":"s","2300":"p","2301":"l","2302":"a","2303":"y","2304":":","2305":" ","2306":"f","2307":"l","2308":"e","2309":"x","2310":";","2311":"\\","2312":"n","2313":" ","2314":" ","2315":" ","2316":" ","2317":"a","2318":"l","2319":"i","2320":"g","2321":"n","2322":"-","2323":"i","2324":"t","2325":"e","2326":"m","2327":"s","2328":":","2329":" ","2330":"c","2331":"e","2332":"n","2333":"t","2334":"e","2335":"r","2336":";","2337":"\\","2338":"n","2339":" ","2340":" ","2341":"}","2342":"\\","2343":"n","2344":"\\","2345":"n","2346":" ","2347":" ","2348":".","2349":"v","2350":"s","2351":"-","2352":"i","2353":"n","2354":"p","2355":"u","2356":"t","2357":"-","2358":"-","2359":"i","2360":"c","2361":"o","2362":"n","2363":" ","2364":"{","2365":"\\","2366":"n","2367":" ","2368":" ","2369":" ","2370":" ","2371":"t","2372":"o","2373":"p","2374":":","2375":" ","2376":"4","2377":"p","2378":"x","2379":" ","2380":"!","2381":"i","2382":"m","2383":"p","2384":"o","2385":"r","2386":"t","2387":"a","2388":"n","2389":"t","2390":";","2391":"\\","2392":"n","2393":" ","2394":" ","2395":"}","2396":"\\","2397":"n","2398":"\\","2399":"n","2400":" ","2401":" ","2402":"@","2403":"m","2404":"e","2405":"d","2406":"i","2407":"a","2408":" ","2409":"s","2410":"c","2411":"r","2412":"e","2413":"e","2414":"n","2415":" ","2416":"a","2417":"n","2418":"d","2419":" ","2420":"(","2421":"m","2422":"a","2423":"x","2424":"-","2425":"w","2426":"i","2427":"d","2428":"t","2429":"h","2430":":","2431":" ","2432":"8","2433":"0","2434":"0","2435":"p","2436":"x","2437":")","2438":" ","2439":"{","2440":"\\","2441":"n","2442":" ","2443":" ","2444":" ","2445":" ","2446":".","2447":"n","2448":"a","2449":"v","2450":"b","2451":"a","2452":"r","2453":"-","2454":"i","2455":"t","2456":"e","2457":"m","2458":" ","2459":"{","2460":"\\","2461":"n","2462":" ","2463":" ","2464":" ","2465":" ","2466":" ","2467":" ","2468":"f","2469":"l","2470":"e","2471":"x","2472":"-","2473":"d","2474":"i","2475":"r","2476":"e","2477":"c","2478":"t","2479":"i","2480":"o","2481":"n","2482":":","2483":" ","2484":"c","2485":"o","2486":"l","2487":"u","2488":"m","2489":"n","2490":";","2491":"\\","2492":"n","2493":" ","2494":" ","2495":" ","2496":" ","2497":"}","2498":"\\","2499":"n","2500":"\\","2501":"n","2502":" ","2503":" ","2504":" ","2505":" ","2506":".","2507":"n","2508":"a","2509":"v","2510":"b","2511":"a","2512":"r","2513":"-","2514":"s","2515":"e","2516":"a","2517":"r","2518":"c","2519":"h","2520":" ","2521":"{","2522":"\\","2523":"n","2524":" ","2525":" ","2526":" ","2527":" ","2528":" ","2529":" ","2530":"w","2531":"i","2532":"d","2533":"t","2534":"h","2535":":","2536":" ","2537":"1","2538":"0","2539":"0","2540":"%","2541":";","2542":"\\","2543":"n","2544":" ","2545":" ","2546":" ","2547":" ","2548":" ","2549":" ","2550":"d","2551":"i","2552":"s","2553":"p","2554":"l","2555":"a","2556":"y","2557":":","2558":" ","2559":"f","2560":"l","2561":"e","2562":"x","2563":";","2564":"\\","2565":"n","2566":" ","2567":" ","2568":" ","2569":" ","2570":" ","2571":" ","2572":"j","2573":"u","2574":"s","2575":"t","2576":"i","2577":"f","2578":"y","2579":"-","2580":"c","2581":"o","2582":"n","2583":"t","2584":"e","2585":"n","2586":"t","2587":":","2588":" ","2589":"c","2590":"e","2591":"n","2592":"t","2593":"e","2594":"r","2595":";","2596":"\\","2597":"n","2598":" ","2599":" ","2600":" ","2601":" ","2602":"}","2603":"\\","2604":"n","2605":" ","2606":" ","2607":"}","2608":"\\","2609":"n","2610":"<","2611":"/","2612":"s","2613":"t","2614":"y","2615":"l","2616":"e","2617":">","2618":"\\","2619":"n","2620":"\"","2621":"]","2622":"}"}}
,"/Users/stenny/projects/insynium/star-wars-app/src/components/ErrorHandler/ErrorHandler.vue": {"path":"/Users/stenny/projects/insynium/star-wars-app/src/components/ErrorHandler/ErrorHandler.vue","statementMap":{"0":{"start":{"line":4,"column":29},"end":{"line":4,"column":154}},"1":{"start":{"line":5,"column":0},"end":{"line":7,"column":3}},"2":{"start":{"line":8,"column":0},"end":{"line":8,"column":25}},"3":{"start":{"line":78,"column":0},"end":{"line":80,"column":3}},"4":{"start":{"line":81,"column":0},"end":{"line":81,"column":24}},"5":{"start":{"line":82,"column":11},"end":{"line":82,"column":25}},"6":{"start":{"line":84,"column":2},"end":{"line":84,"column":67}},"7":{"start":{"line":85,"column":2},"end":{"line":85,"column":49}}},"fnMap":{"0":{"name":"render","decl":{"start":{"line":83,"column":9},"end":{"line":83,"column":15}},"loc":{"start":{"line":83,"column":63},"end":{"line":85,"column":1}},"line":83}},"branchMap":{},"s":{"0":0,"1":0,"2":0,"3":0,"4":0,"5":0,"6":0,"7":0},"f":{"0":0},"b":{},"inputSourceMap":{"0":"{","1":"\"","2":"v","3":"e","4":"r","5":"s","6":"i","7":"o","8":"n","9":"\"","10":":","11":"3","12":",","13":"\"","14":"s","15":"o","16":"u","17":"r","18":"c","19":"e","20":"s","21":"\"","22":":","23":"[","24":"\"","25":"/","26":"U","27":"s","28":"e","29":"r","30":"s","31":"/","32":"s","33":"t","34":"e","35":"n","36":"n","37":"y","38":"/","39":"p","40":"r","41":"o","42":"j","43":"e","44":"c","45":"t","46":"s","47":"/","48":"i","49":"n","50":"s","51":"y","52":"n","53":"i","54":"u","55":"m","56":"/","57":"s","58":"t","59":"a","60":"r","61":"-","62":"w","63":"a","64":"r","65":"s","66":"-","67":"a","68":"p","69":"p","70":"/","71":"s","72":"r","73":"c","74":"/","75":"c","76":"o","77":"m","78":"p","79":"o","80":"n","81":"e","82":"n","83":"t","84":"s","85":"/","86":"E","87":"r","88":"r","89":"o","90":"r","91":"H","92":"a","93":"n","94":"d","95":"l","96":"e","97":"r","98":"/","99":"E","100":"r","101":"r","102":"o","103":"r","104":"H","105":"a","106":"n","107":"d","108":"l","109":"e","110":"r","111":".","112":"v","113":"u","114":"e","115":"\"","116":"]","117":",","118":"\"","119":"n","120":"a","121":"m","122":"e","123":"s","124":"\"","125":":","126":"[","127":"]","128":",","129":"\"","130":"m","131":"a","132":"p","133":"p","134":"i","135":"n","136":"g","137":"s","138":"\"","139":":","140":"\"","141":";","142":";","143":";","144":";","145":";","146":";","147":";","148":";","149":"A","150":"A","151":"O","152":"A","153":";","154":"A","155":"A","156":"A","157":"A","158":";","159":"A","160":"A","161":"A","162":"A","163":";","164":"A","165":"A","166":"C","167":"A","168":";","169":"A","170":"A","171":"A","172":"A","173":";","174":"A","175":"A","176":"A","177":"A","178":";","179":"A","180":"A","181":"A","182":"g","183":"D","184":";","185":"A","186":"A","187":"A","188":"A","189":";","190":";","191":";","192":";","193":";","194":";","195":"I","196":"A","197":"E","198":"h","199":"D","200":",","201":"M","202":"A","203":"A","204":"M","205":",","206":"K","207":"A","208":"A","209":"K","210":";","211":"I","212":"A","213":"A","214":"G","215":";","216":"I","217":"A","218":"A","219":"A","220":";","221":"I","222":"A","223":"A","224":"A","225":";","226":"I","227":"A","228":"A","229":"A","230":";","231":"I","232":"A","233":"A","234":"A","235":";","236":"I","237":"A","238":"A","239":"A","240":",","241":"M","242":"A","243":"A","244":"M","245":",","246":"E","247":"A","248":"A","249":"C","250":",","251":"K","252":"A","253":"A","254":"K","255":",","256":"C","257":"A","258":"A","259":"C","260":";","261":"I","262":"A","263":"E","264":"3","265":"B","266":",","267":"M","268":"A","269":"A","270":"M","271":",","272":"W","273":"A","274":"A","275":"W","276":";","277":"I","278":"A","279":"A","280":"G","281":";","282":"I","283":"A","284":"A","285":"A","286":";","287":"I","288":"A","289":"A","290":"A","291":";","292":"I","293":"A","294":"A","295":"A","296":";","297":"I","298":"A","299":"A","300":"A","301":";","302":"I","303":"A","304":"A","305":"A","306":",","307":"O","308":"A","309":"A","310":"c","311":",","312":"E","313":"A","314":"A","315":"C","316":",","317":"C","318":"A","319":"A","320":"C","321":";","322":"I","323":"A","324":"E","325":"p","326":"C","327":",","328":"M","329":"A","330":"A","331":"M","332":",","333":"U","334":"A","335":"A","336":"U","337":",","338":"G","339":"A","340":"A","341":"I","342":",","343":"I","344":"A","345":"A","346":"I","347":",","348":"I","349":"A","350":"A","351":"K","352":";","353":"M","354":"A","355":"C","356":"3","357":"B","358":",","359":"K","360":"A","361":"A","362":"K","363":",","364":"C","365":"A","366":"A","367":"C","368":",","369":"M","370":"A","371":"A","372":"M","373":",","374":"C","375":"A","376":"A","377":"C","378":";","379":"Q","380":"A","381":"C","382":"X","383":",","384":"K","385":"A","386":"A","387":"K","388":",","389":"E","390":"A","391":"A","392":"E","393":",","394":"O","395":"A","396":"A","397":"O","398":";","399":"Q","400":"A","401":"C","402":"d","403":",","404":"I","405":"A","406":"A","407":"I","408":";","409":"Q","410":"A","411":"C","412":"J","413":",","414":"K","415":"A","416":"A","417":"K","418":",","419":"E","420":"A","421":"A","422":"E","423":";","424":"M","425":"A","426":"C","427":"T","428":",","429":"C","430":"A","431":"A","432":"C","433":",","434":"C","435":"A","436":"A","437":"C","438":";","439":"I","440":"A","441":"C","442":"J","443":",","444":"C","445":"A","446":"A","447":"C","448":";","449":";","450":"I","451":"A","452":"E","453":"D","454":";","455":"I","456":"A","457":"C","458":"A","459":",","460":"W","461":"A","462":"A","463":"W","464":",","465":"C","466":"A","467":"A","468":"C","469":",","470":"U","471":"A","472":"A","473":"U","474":",","475":"C","476":"A","477":"A","478":"C","479":",","480":"C","481":"A","482":"A","483":"C","484":",","485":"Q","486":"A","487":"A","488":"Q","489":",","490":"E","491":"A","492":"A","493":"E","494":",","495":"K","496":"A","497":"A","498":"K","499":",","500":"K","501":"A","502":"A","503":"K","504":";","505":"M","506":"A","507":"C","508":"1","509":"C","510":";","511":"M","512":"A","513":"C","514":"A","515":",","516":"I","517":"A","518":"A","519":"I","520":",","521":"K","522":"A","523":"A","524":"K","525":",","526":"C","527":"A","528":"A","529":"C","530":",","531":"K","532":"A","533":"A","534":"K","535":",","536":"E","537":"A","538":"A","539":"E","540":";","541":"Q","542":"A","543":"C","544":"f","545":",","546":"U","547":"A","548":"A","549":"U","550":",","551":"C","552":"A","553":"A","554":"C","555":",","556":"K","557":"A","558":"A","559":"K","560":",","561":"C","562":"A","563":"A","564":"C","565":",","566":"K","567":"A","568":"A","569":"K","570":",","571":"C","572":"A","573":"A","574":"C","575":";","576":"M","577":"A","578":"C","579":"z","580":"B","581":";","582":"I","583":"A","584":"C","585":"F","586":",","587":"C","588":"A","589":"A","590":"C","591":",","592":"C","593":"A","594":"A","595":"C","596":"\"","597":",","598":"\"","599":"f","600":"i","601":"l","602":"e","603":"\"","604":":","605":"\"","606":"/","607":"U","608":"s","609":"e","610":"r","611":"s","612":"/","613":"s","614":"t","615":"e","616":"n","617":"n","618":"y","619":"/","620":"p","621":"r","622":"o","623":"j","624":"e","625":"c","626":"t","627":"s","628":"/","629":"i","630":"n","631":"s","632":"y","633":"n","634":"i","635":"u","636":"m","637":"/","638":"s","639":"t","640":"a","641":"r","642":"-","643":"w","644":"a","645":"r","646":"s","647":"-","648":"a","649":"p","650":"p","651":"/","652":"s","653":"r","654":"c","655":"/","656":"c","657":"o","658":"m","659":"p","660":"o","661":"n","662":"e","663":"n","664":"t","665":"s","666":"/","667":"E","668":"r","669":"r","670":"o","671":"r","672":"H","673":"a","674":"n","675":"d","676":"l","677":"e","678":"r","679":"/","680":"E","681":"r","682":"r","683":"o","684":"r","685":"H","686":"a","687":"n","688":"d","689":"l","690":"e","691":"r","692":".","693":"v","694":"u","695":"e","696":"\"","697":",","698":"\"","699":"s","700":"o","701":"u","702":"r","703":"c","704":"e","705":"s","706":"C","707":"o","708":"n","709":"t","710":"e","711":"n","712":"t","713":"\"","714":":","715":"[","716":"\"","717":"<","718":"!","719":"-","720":"-","721":" ","722":"C","723":"a","724":"t","725":"c","726":"h","727":" ","728":"a","729":"l","730":"l","731":" ","732":"e","733":"r","734":"r","735":"o","736":"r","737":" ","738":"t","739":"h","740":"e","741":" ","742":"r","743":"e","744":"q","745":"u","746":"e","747":"s","748":"t","749":"s","750":" ","751":"-","752":"-","753":">","754":"\\","755":"n","756":"\\","757":"n","758":"<","759":"t","760":"e","761":"m","762":"p","763":"l","764":"a","765":"t","766":"e","767":">","768":"\\","769":"n","770":" ","771":" ","772":"<","773":"b","774":"r","775":">","776":"\\","777":"n","778":"<","779":"/","780":"t","781":"e","782":"m","783":"p","784":"l","785":"a","786":"t","787":"e","788":">","789":"\\","790":"n","791":"\\","792":"n","793":"<","794":"s","795":"c","796":"r","797":"i","798":"p","799":"t","800":" ","801":"s","802":"e","803":"t","804":"u","805":"p","806":">","807":"\\","808":"n","809":"i","810":"m","811":"p","812":"o","813":"r","814":"t","815":" ","816":"{","817":" ","818":"i","819":"n","820":"j","821":"e","822":"c","823":"t","824":" ","825":"}","826":" ","827":"f","828":"r","829":"o","830":"m","831":" ","832":"'","833":"v","834":"u","835":"e","836":"'","837":";","838":"\\","839":"n","840":"i","841":"m","842":"p","843":"o","844":"r","845":"t","846":" ","847":"u","848":"s","849":"e","850":"M","851":"o","852":"v","853":"i","854":"e","855":"s","856":"S","857":"t","858":"o","859":"r","860":"e","861":" ","862":"f","863":"r","864":"o","865":"m","866":" ","867":"'","868":".","869":".","870":"/","871":".","872":".","873":"/","874":"s","875":"t","876":"o","877":"r","878":"e","879":"/","880":"m","881":"o","882":"v","883":"i","884":"e","885":"s","886":"'","887":";","888":"\\","889":"n","890":"\\","891":"n","892":"c","893":"o","894":"n","895":"s","896":"t","897":" ","898":"n","899":"o","900":"t","901":"i","902":"f","903":" ","904":"=","905":" ","906":"i","907":"n","908":"j","909":"e","910":"c","911":"t","912":"(","913":"'","914":"$","915":"v","916":"s","917":"'","918":")","919":";","920":"\\","921":"n","922":"\\","923":"n","924":"c","925":"o","926":"n","927":"s","928":"t","929":" ","930":"s","931":"t","932":"o","933":"r","934":"e","935":"M","936":"o","937":"v","938":"i","939":"e","940":"s","941":" ","942":"=","943":" ","944":"u","945":"s","946":"e","947":"M","948":"o","949":"v","950":"i","951":"e","952":"s","953":"S","954":"t","955":"o","956":"r","957":"e","958":"(","959":")","960":";","961":"\\","962":"n","963":"\\","964":"n","965":"c","966":"o","967":"n","968":"s","969":"t","970":" ","971":"t","972":"h","973":"r","974":"o","975":"w","976":"E","977":"r","978":"r","979":"o","980":"r","981":" ","982":"=","983":" ","984":"(","985":"t","986":"e","987":"x","988":"t","989":")","990":" ","991":"=","992":">","993":" ","994":"{","995":"\\","996":"n","997":" ","998":" ","999":"n","1000":"o","1001":"t","1002":"i","1003":"f","1004":".","1005":"n","1006":"o","1007":"t","1008":"i","1009":"f","1010":"y","1011":"(","1012":"{","1013":"\\","1014":"n","1015":" ","1016":" ","1017":" ","1018":" ","1019":"t","1020":"i","1021":"t","1022":"l","1023":"e","1024":":","1025":" ","1026":"'","1027":"E","1028":"R","1029":"R","1030":"O","1031":"R","1032":"'","1033":",","1034":"\\","1035":"n","1036":" ","1037":" ","1038":" ","1039":" ","1040":"t","1041":"e","1042":"x","1043":"t","1044":",","1045":"\\","1046":"n","1047":" ","1048":" ","1049":" ","1050":" ","1051":"c","1052":"o","1053":"l","1054":"o","1055":"r","1056":":","1057":" ","1058":"'","1059":"d","1060":"a","1061":"n","1062":"g","1063":"e","1064":"r","1065":"'","1066":",","1067":"\\","1068":"n","1069":" ","1070":" ","1071":"}","1072":")","1073":";","1074":"\\","1075":"n","1076":"}","1077":";","1078":"\\","1079":"n","1080":"\\","1081":"n","1082":"/","1083":"/","1084":" ","1085":"l","1086":"i","1087":"s","1088":"t","1089":"e","1090":"n","1091":" ","1092":"i","1093":"t","1094":"\\","1095":"n","1096":"s","1097":"t","1098":"o","1099":"r","1100":"e","1101":"M","1102":"o","1103":"v","1104":"i","1105":"e","1106":"s","1107":".","1108":"$","1109":"s","1110":"u","1111":"b","1112":"s","1113":"c","1114":"r","1115":"i","1116":"b","1117":"e","1118":"(","1119":"(","1120":"m","1121":"u","1122":"t","1123":"a","1124":"t","1125":"i","1126":"o","1127":"n","1128":",","1129":" ","1130":"s","1131":"t","1132":"a","1133":"t","1134":"e","1135":")","1136":" ","1137":"=","1138":">","1139":" ","1140":"{","1141":"\\","1142":"n","1143":" ","1144":" ","1145":"/","1146":"/","1147":" ","1148":"i","1149":"f","1150":" ","1151":"e","1152":"r","1153":"r","1154":"o","1155":"r","1156":"\\","1157":"n","1158":" ","1159":" ","1160":"i","1161":"f","1162":" ","1163":"(","1164":"s","1165":"t","1166":"a","1167":"t","1168":"e","1169":".","1170":"e","1171":"r","1172":"r","1173":"o","1174":"r","1175":")","1176":" ","1177":"{","1178":"\\","1179":"n","1180":" ","1181":" ","1182":" ","1183":" ","1184":"t","1185":"h","1186":"r","1187":"o","1188":"w","1189":"E","1190":"r","1191":"r","1192":"o","1193":"r","1194":"(","1195":"s","1196":"t","1197":"a","1198":"t","1199":"e","1200":".","1201":"e","1202":"r","1203":"r","1204":"o","1205":"r","1206":")","1207":";","1208":"\\","1209":"n","1210":" ","1211":" ","1212":"}","1213":"\\","1214":"n","1215":"}","1216":")","1217":";","1218":"\\","1219":"n","1220":"\\","1221":"n","1222":"<","1223":"/","1224":"s","1225":"c","1226":"r","1227":"i","1228":"p","1229":"t","1230":">","1231":"\\","1232":"n","1233":"\"","1234":"]","1235":"}"}}
,"/Users/stenny/projects/insynium/star-wars-app/src/components/Initialize/InitializeData.vue": {"path":"/Users/stenny/projects/insynium/star-wars-app/src/components/Initialize/InitializeData.vue","statementMap":{"0":{"start":{"line":4,"column":29},"end":{"line":4,"column":154}},"1":{"start":{"line":5,"column":0},"end":{"line":7,"column":3}},"2":{"start":{"line":8,"column":0},"end":{"line":8,"column":25}},"3":{"start":{"line":35,"column":0},"end":{"line":37,"column":3}},"4":{"start":{"line":38,"column":0},"end":{"line":38,"column":24}},"5":{"start":{"line":39,"column":11},"end":{"line":39,"column":25}},"6":{"start":{"line":41,"column":2},"end":{"line":41,"column":121}},"7":{"start":{"line":42,"column":2},"end":{"line":42,"column":49}}},"fnMap":{"0":{"name":"render","decl":{"start":{"line":40,"column":9},"end":{"line":40,"column":15}},"loc":{"start":{"line":40,"column":63},"end":{"line":42,"column":1}},"line":40}},"branchMap":{},"s":{"0":0,"1":0,"2":0,"3":0,"4":0,"5":0,"6":0,"7":0},"f":{"0":0},"b":{},"inputSourceMap":{"0":"{","1":"\"","2":"v","3":"e","4":"r","5":"s","6":"i","7":"o","8":"n","9":"\"","10":":","11":"3","12":",","13":"\"","14":"s","15":"o","16":"u","17":"r","18":"c","19":"e","20":"s","21":"\"","22":":","23":"[","24":"\"","25":"/","26":"U","27":"s","28":"e","29":"r","30":"s","31":"/","32":"s","33":"t","34":"e","35":"n","36":"n","37":"y","38":"/","39":"p","40":"r","41":"o","42":"j","43":"e","44":"c","45":"t","46":"s","47":"/","48":"i","49":"n","50":"s","51":"y","52":"n","53":"i","54":"u","55":"m","56":"/","57":"s","58":"t","59":"a","60":"r","61":"-","62":"w","63":"a","64":"r","65":"s","66":"-","67":"a","68":"p","69":"p","70":"/","71":"s","72":"r","73":"c","74":"/","75":"c","76":"o","77":"m","78":"p","79":"o","80":"n","81":"e","82":"n","83":"t","84":"s","85":"/","86":"I","87":"n","88":"i","89":"t","90":"i","91":"a","92":"l","93":"i","94":"z","95":"e","96":"/","97":"I","98":"n","99":"i","100":"t","101":"i","102":"a","103":"l","104":"i","105":"z","106":"e","107":"D","108":"a","109":"t","110":"a","111":".","112":"v","113":"u","114":"e","115":"\"","116":"]","117":",","118":"\"","119":"n","120":"a","121":"m","122":"e","123":"s","124":"\"","125":":","126":"[","127":"]","128":",","129":"\"","130":"m","131":"a","132":"p","133":"p","134":"i","135":"n","136":"g","137":"s","138":"\"","139":":","140":"\"","141":";","142":";","143":";","144":";","145":";","146":";","147":";","148":";","149":"A","150":"A","151":"S","152":"A","153":";","154":"A","155":"A","156":"A","157":"A","158":";","159":"A","160":"A","161":"A","162":"A","163":";","164":"A","165":"A","166":"A","167":"k","168":"D","169":";","170":"A","171":"A","172":"A","173":"A","174":"\"","175":",","176":"\"","177":"f","178":"i","179":"l","180":"e","181":"\"","182":":","183":"\"","184":"/","185":"U","186":"s","187":"e","188":"r","189":"s","190":"/","191":"s","192":"t","193":"e","194":"n","195":"n","196":"y","197":"/","198":"p","199":"r","200":"o","201":"j","202":"e","203":"c","204":"t","205":"s","206":"/","207":"i","208":"n","209":"s","210":"y","211":"n","212":"i","213":"u","214":"m","215":"/","216":"s","217":"t","218":"a","219":"r","220":"-","221":"w","222":"a","223":"r","224":"s","225":"-","226":"a","227":"p","228":"p","229":"/","230":"s","231":"r","232":"c","233":"/","234":"c","235":"o","236":"m","237":"p","238":"o","239":"n","240":"e","241":"n","242":"t","243":"s","244":"/","245":"I","246":"n","247":"i","248":"t","249":"i","250":"a","251":"l","252":"i","253":"z","254":"e","255":"/","256":"I","257":"n","258":"i","259":"t","260":"i","261":"a","262":"l","263":"i","264":"z","265":"e","266":"D","267":"a","268":"t","269":"a","270":".","271":"v","272":"u","273":"e","274":"\"","275":",","276":"\"","277":"s","278":"o","279":"u","280":"r","281":"c","282":"e","283":"s","284":"C","285":"o","286":"n","287":"t","288":"e","289":"n","290":"t","291":"\"","292":":","293":"[","294":"\"","295":"<","296":"!","297":"-","298":"-","299":" ","300":"I","301":"n","302":"i","303":"t","304":"i","305":"a","306":"l","307":"i","308":"z","309":"e","310":" ","311":"h","312":"e","313":"r","314":"e","315":" ","316":"a","317":"l","318":"l","319":" ","320":"d","321":"a","322":"t","323":"a","324":" ","325":"n","326":"e","327":"e","328":"d","329":"e","330":"d","331":" ","332":"f","333":"o","334":"r","335":" ","336":"t","337":"h","338":"e","339":" ","340":"a","341":"p","342":"p","343":" ","344":"-","345":"-","346":">","347":"\\","348":"n","349":"\\","350":"n","351":"<","352":"t","353":"e","354":"m","355":"p","356":"l","357":"a","358":"t","359":"e","360":">","361":"\\","362":"n","363":" ","364":" ","365":"<","366":"d","367":"i","368":"v","369":">","370":"\\","371":"n","372":" ","373":" ","374":" ","375":" ","376":"<","377":"I","378":"n","379":"i","380":"t","381":"M","382":"o","383":"v","384":"i","385":"e","386":"s","387":" ","388":"/","389":">","390":"\\","391":"n","392":" ","393":" ","394":"<","395":"/","396":"d","397":"i","398":"v","399":">","400":"\\","401":"n","402":"<","403":"/","404":"t","405":"e","406":"m","407":"p","408":"l","409":"a","410":"t","411":"e","412":">","413":"\\","414":"n","415":"\\","416":"n","417":"<","418":"s","419":"c","420":"r","421":"i","422":"p","423":"t","424":" ","425":"s","426":"e","427":"t","428":"u","429":"p","430":">","431":"\\","432":"n","433":"i","434":"m","435":"p","436":"o","437":"r","438":"t","439":" ","440":"I","441":"n","442":"i","443":"t","444":"M","445":"o","446":"v","447":"i","448":"e","449":"s","450":" ","451":"f","452":"r","453":"o","454":"m","455":" ","456":"'","457":".","458":".","459":"/","460":"M","461":"o","462":"v","463":"i","464":"e","465":"s","466":"/","467":"I","468":"n","469":"i","470":"t","471":"M","472":"o","473":"v","474":"i","475":"e","476":"s","477":".","478":"v","479":"u","480":"e","481":"'","482":";","483":"\\","484":"n","485":"<","486":"/","487":"s","488":"c","489":"r","490":"i","491":"p","492":"t","493":">","494":"\\","495":"n","496":"\"","497":"]","498":"}"}}
,"/Users/stenny/projects/insynium/star-wars-app/src/components/Movies/InitMovies.vue": {"path":"/Users/stenny/projects/insynium/star-wars-app/src/components/Movies/InitMovies.vue","statementMap":{"0":{"start":{"line":4,"column":29},"end":{"line":4,"column":154}},"1":{"start":{"line":5,"column":0},"end":{"line":7,"column":3}},"2":{"start":{"line":8,"column":0},"end":{"line":8,"column":25}},"3":{"start":{"line":97,"column":0},"end":{"line":99,"column":3}},"4":{"start":{"line":100,"column":0},"end":{"line":100,"column":24}},"5":{"start":{"line":101,"column":11},"end":{"line":101,"column":25}},"6":{"start":{"line":103,"column":2},"end":{"line":103,"column":67}},"7":{"start":{"line":104,"column":2},"end":{"line":104,"column":49}}},"fnMap":{"0":{"name":"render","decl":{"start":{"line":102,"column":9},"end":{"line":102,"column":15}},"loc":{"start":{"line":102,"column":63},"end":{"line":104,"column":1}},"line":102}},"branchMap":{},"s":{"0":0,"1":0,"2":0,"3":0,"4":0,"5":0,"6":0,"7":0},"f":{"0":0},"b":{},"inputSourceMap":{"0":"{","1":"\"","2":"v","3":"e","4":"r","5":"s","6":"i","7":"o","8":"n","9":"\"","10":":","11":"3","12":",","13":"\"","14":"s","15":"o","16":"u","17":"r","18":"c","19":"e","20":"s","21":"\"","22":":","23":"[","24":"\"","25":"/","26":"U","27":"s","28":"e","29":"r","30":"s","31":"/","32":"s","33":"t","34":"e","35":"n","36":"n","37":"y","38":"/","39":"p","40":"r","41":"o","42":"j","43":"e","44":"c","45":"t","46":"s","47":"/","48":"i","49":"n","50":"s","51":"y","52":"n","53":"i","54":"u","55":"m","56":"/","57":"s","58":"t","59":"a","60":"r","61":"-","62":"w","63":"a","64":"r","65":"s","66":"-","67":"a","68":"p","69":"p","70":"/","71":"s","72":"r","73":"c","74":"/","75":"c","76":"o","77":"m","78":"p","79":"o","80":"n","81":"e","82":"n","83":"t","84":"s","85":"/","86":"M","87":"o","88":"v","89":"i","90":"e","91":"s","92":"/","93":"I","94":"n","95":"i","96":"t","97":"M","98":"o","99":"v","100":"i","101":"e","102":"s","103":".","104":"v","105":"u","106":"e","107":"\"","108":"]","109":",","110":"\"","111":"n","112":"a","113":"m","114":"e","115":"s","116":"\"","117":":","118":"[","119":"]","120":",","121":"\"","122":"m","123":"a","124":"p","125":"p","126":"i","127":"n","128":"g","129":"s","130":"\"","131":":","132":"\"","133":";","134":";","135":";","136":";","137":";","138":";","139":";","140":";","141":"A","142":"A","143":"O","144":"A","145":";","146":"A","147":"A","148":"A","149":"A","150":";","151":"A","152":"A","153":"A","154":"A","155":";","156":"A","157":"A","158":"C","159":"A","160":";","161":"A","162":"A","163":"A","164":"A","165":";","166":"A","167":"A","168":"A","169":"A","170":";","171":"A","172":"A","173":"C","174":"A","175":";","176":"A","177":"A","178":"A","179":"A","180":";","181":"A","182":"A","183":"A","184":"A","185":";","186":"A","187":"A","188":"A","189":"g","190":"D","191":";","192":"A","193":"A","194":"A","195":"A","196":";","197":";","198":";","199":";","200":";","201":";","202":"I","203":"A","204":"E","205":"h","206":"D","207":",","208":"M","209":"A","210":"A","211":"M","212":",","213":"W","214":"A","215":"A","216":"W","217":";","218":"I","219":"A","220":"A","221":"G","222":";","223":"I","224":"A","225":"A","226":"A","227":";","228":"I","229":"A","230":"A","231":"A","232":";","233":"I","234":"A","235":"A","236":"A","237":";","238":"I","239":"A","240":"A","241":"A","242":";","243":"I","244":"A","245":"A","246":"A","247":",","248":"O","249":"A","250":"A","251":"c","252":",","253":"E","254":"A","255":"A","256":"C","257":",","258":"C","259":"A","260":"A","261":"C","262":";","263":";","264":"I","265":"A","266":"E","267":"p","268":"C","269":";","270":"A","271":"A","272":"C","273":"A","274":";","275":"A","276":"A","277":"C","278":"A","279":";","280":"A","281":"A","282":"C","283":"A","284":";","285":"I","286":"A","287":"C","288":"A","289":",","290":"M","291":"A","292":"A","293":"M","294":",","295":"Q","296":"A","297":"A","298":"Q","299":",","300":"G","301":"A","302":"A","303":"G","304":",","305":"Y","306":"A","307":"A","308":"Y","309":";","310":"M","311":"A","312":"C","313":"3","314":"B","315":",","316":"W","317":"A","318":"A","319":"W","320":",","321":"C","322":"A","323":"A","324":"C","325":",","326":"O","327":"A","328":"A","329":"O","330":",","331":"G","332":"A","333":"A","334":"G","335":",","336":"I","337":"A","338":"A","339":"I","340":";","341":"M","342":"A","343":"C","344":"1","345":"B","346":",","347":"W","348":"A","349":"A","350":"W","351":",","352":"C","353":"A","354":"A","355":"C","356":",","357":"M","358":"A","359":"A","360":"M","361":",","362":"G","363":"A","364":"A","365":"G","366":",","367":"K","368":"A","369":"A","370":"K","371":";","372":"M","373":"A","374":"E","375":"1","376":"B","377":",","378":"M","379":"A","380":"A","381":"M","382":";","383":"Q","384":"A","385":"A","386":"A","387":";","388":"Q","389":"A","390":"A","391":"A","392":";","393":"Q","394":"A","395":"A","396":"A","397":";","398":"Q","399":"A","400":"A","401":"A","402":",","403":"O","404":"A","405":"A","406":"S","407":",","408":"C","409":"A","410":"A","411":"C","412":",","413":"G","414":"A","415":"A","416":"G","417":",","418":"C","419":"A","420":"A","421":"C","422":",","423":"O","424":"A","425":"A","426":"O","427":",","428":"C","429":"A","430":"A","431":"C","432":",","433":"C","434":"A","435":"A","436":"C","437":",","438":"I","439":"A","440":"A","441":"I","442":",","443":"C","444":"A","445":"A","446":"E","447":",","448":"Q","449":"A","450":"A","451":"Q","452":",","453":"I","454":"A","455":"A","456":"K","457":";","458":"U","459":"A","460":"C","461":"9","462":"C","463":",","464":"W","465":"A","466":"A","467":"W","468":",","469":"C","470":"A","471":"A","472":"C","473":",","474":"K","475":"A","476":"A","477":"K","478":",","479":"G","480":"A","481":"A","482":"G","483":",","484":"Q","485":"A","486":"A","487":"Q","488":",","489":"E","490":"A","491":"A","492":"E","493":",","494":"I","495":"A","496":"A","497":"I","498":",","499":"E","500":"A","501":"A","502":"E","503":",","504":"K","505":"A","506":"A","507":"K","508":";","509":"U","510":"A","511":"C","512":"z","513":"C","514":",","515":"W","516":"A","517":"A","518":"W","519":",","520":"C","521":"A","522":"A","523":"C","524":",","525":"M","526":"A","527":"A","528":"M","529":",","530":"G","531":"A","532":"A","533":"G","534":",","535":"Q","536":"A","537":"A","538":"Q","539":",","540":"E","541":"A","542":"A","543":"E","544":",","545":"I","546":"A","547":"A","548":"I","549":",","550":"E","551":"A","552":"A","553":"E","554":",","555":"O","556":"A","557":"A","558":"O","559":";","560":"U","561":"A","562":"C","563":"5","564":"C","565":",","566":"W","567":"A","568":"A","569":"W","570":",","571":"C","572":"A","573":"A","574":"C","575":",","576":"O","577":"A","578":"A","579":"O","580":",","581":"G","582":"A","583":"A","584":"G","585":",","586":"K","587":"A","588":"A","589":"K","590":";","591":"Q","592":"A","593":"C","594":"7","595":"B","596":",","597":"C","598":"A","599":"A","600":"C","601":",","602":"C","603":"A","604":"A","605":"C","606":",","607":"C","608":"A","609":"A","610":"C","611":",","612":"K","613":"A","614":"A","615":"K","616":",","617":"C","618":"A","619":"A","620":"E","621":",","622":"K","623":"A","624":"A","625":"K","626":",","627":"I","628":"A","629":"A","630":"K","631":";","632":"U","633":"A","634":"C","635":"l","636":"B","637":",","638":"W","639":"A","640":"A","641":"W","642":",","643":"C","644":"A","645":"A","646":"C","647":",","648":"K","649":"A","650":"A","651":"K","652":",","653":"G","654":"A","655":"A","656":"G","657":",","658":"K","659":"A","660":"A","661":"K","662":";","663":"U","664":"A","665":"C","666":"z","667":"B","668":",","669":"W","670":"A","671":"A","672":"W","673":",","674":"C","675":"A","676":"A","677":"C","678":",","679":"O","680":"A","681":"A","682":"O","683":",","684":"G","685":"A","686":"A","687":"G","688":",","689":"K","690":"A","691":"A","692":"K","693":";","694":"Q","695":"A","696":"C","697":"7","698":"B","699":",","700":"C","701":"A","702":"A","703":"C","704":";","705":"M","706":"A","707":"A","708":"C","709":";","710":"M","711":"A","712":"E","713":"F","714":",","715":"W","716":"A","717":"A","718":"W","719":",","720":"C","721":"A","722":"A","723":"C","724":",","725":"M","726":"A","727":"A","728":"M","729":",","730":"G","731":"A","732":"A","733":"G","734":",","735":"I","736":"A","737":"A","738":"I","739":";","740":"I","741":"A","742":"C","743":"3","744":"B","745":",","746":"C","747":"A","748":"A","749":"C","750":";","751":"I","752":"A","753":"E","754":"D","755":";","756":"I","757":"A","758":"A","759":"A","760":";","761":"I","762":"A","763":"A","764":"A","765":";","766":"I","767":"A","768":"A","769":"A","770":";","771":"I","772":"A","773":"A","774":"A","775":";","776":"I","777":"A","778":"A","779":"A","780":",","781":"S","782":"A","783":"A","784":"S","785":",","786":"E","787":"A","788":"A","789":"C","790":",","791":"M","792":"A","793":"A","794":"M","795":";","796":"M","797":"A","798":"C","799":"d","800":",","801":"Q","802":"A","803":"A","804":"Q","805":",","806":"C","807":"A","808":"A","809":"C","810":",","811":"C","812":"A","813":"A","814":"C","815":";","816":"I","817":"A","818":"C","819":"Z","820":",","821":"C","822":"A","823":"A","824":"C","825":",","826":"C","827":"A","828":"A","829":"C","830":"\"","831":",","832":"\"","833":"f","834":"i","835":"l","836":"e","837":"\"","838":":","839":"\"","840":"/","841":"U","842":"s","843":"e","844":"r","845":"s","846":"/","847":"s","848":"t","849":"e","850":"n","851":"n","852":"y","853":"/","854":"p","855":"r","856":"o","857":"j","858":"e","859":"c","860":"t","861":"s","862":"/","863":"i","864":"n","865":"s","866":"y","867":"n","868":"i","869":"u","870":"m","871":"/","872":"s","873":"t","874":"a","875":"r","876":"-","877":"w","878":"a","879":"r","880":"s","881":"-","882":"a","883":"p","884":"p","885":"/","886":"s","887":"r","888":"c","889":"/","890":"c","891":"o","892":"m","893":"p","894":"o","895":"n","896":"e","897":"n","898":"t","899":"s","900":"/","901":"M","902":"o","903":"v","904":"i","905":"e","906":"s","907":"/","908":"I","909":"n","910":"i","911":"t","912":"M","913":"o","914":"v","915":"i","916":"e","917":"s","918":".","919":"v","920":"u","921":"e","922":"\"","923":",","924":"\"","925":"s","926":"o","927":"u","928":"r","929":"c","930":"e","931":"s","932":"C","933":"o","934":"n","935":"t","936":"e","937":"n","938":"t","939":"\"","940":":","941":"[","942":"\"","943":"<","944":"!","945":"-","946":"-","947":" ","948":"f","949":"e","950":"t","951":"c","952":"h","953":" ","954":"m","955":"o","956":"v","957":"i","958":"e","959":"s","960":" ","961":"t","962":"o","963":" ","964":"a","965":"v","966":"o","967":"i","968":"d","969":" ","970":"m","971":"u","972":"l","973":"t","974":"i","975":"p","976":"l","977":"e","978":" ","979":"f","980":"e","981":"t","982":"c","983":"h","984":" ","985":"o","986":"n","987":" ","988":"d","989":"i","990":"f","991":"f","992":"e","993":"r","994":"e","995":"n","996":"t","997":" ","998":"v","999":"i","1000":"e","1001":"w","1002":"s","1003":" ","1004":" ","1005":"-","1006":"-","1007":">","1008":"\\","1009":"n","1010":"\\","1011":"n","1012":"<","1013":"t","1014":"e","1015":"m","1016":"p","1017":"l","1018":"a","1019":"t","1020":"e","1021":">","1022":"\\","1023":"n","1024":" ","1025":" ","1026":"<","1027":"b","1028":"r","1029":">","1030":"\\","1031":"n","1032":"<","1033":"/","1034":"t","1035":"e","1036":"m","1037":"p","1038":"l","1039":"a","1040":"t","1041":"e","1042":">","1043":"\\","1044":"n","1045":"\\","1046":"n","1047":"<","1048":"s","1049":"c","1050":"r","1051":"i","1052":"p","1053":"t","1054":" ","1055":"s","1056":"e","1057":"t","1058":"u","1059":"p","1060":">","1061":"\\","1062":"n","1063":"i","1064":"m","1065":"p","1066":"o","1067":"r","1068":"t","1069":" ","1070":"{","1071":" ","1072":"o","1073":"n","1074":"M","1075":"o","1076":"u","1077":"n","1078":"t","1079":"e","1080":"d","1081":" ","1082":"}","1083":" ","1084":"f","1085":"r","1086":"o","1087":"m","1088":" ","1089":"'","1090":"v","1091":"u","1092":"e","1093":"'","1094":";","1095":"\\","1096":"n","1097":"i","1098":"m","1099":"p","1100":"o","1101":"r","1102":"t","1103":" ","1104":"a","1105":"x","1106":"i","1107":"o","1108":"s","1109":"U","1110":"t","1111":"i","1112":"l","1113":" ","1114":"f","1115":"r","1116":"o","1117":"m","1118":" ","1119":"'","1120":".","1121":".","1122":"/","1123":".","1124":".","1125":"/","1126":"u","1127":"t","1128":"i","1129":"l","1130":"s","1131":"/","1132":"a","1133":"x","1134":"i","1135":"o","1136":"s","1137":"'","1138":";","1139":"\\","1140":"n","1141":"i","1142":"m","1143":"p","1144":"o","1145":"r","1146":"t","1147":" ","1148":"u","1149":"s","1150":"e","1151":"M","1152":"o","1153":"v","1154":"i","1155":"e","1156":"s","1157":"S","1158":"t","1159":"o","1160":"r","1161":"e","1162":" ","1163":"f","1164":"r","1165":"o","1166":"m","1167":" ","1168":"'","1169":".","1170":".","1171":"/","1172":".","1173":".","1174":"/","1175":"s","1176":"t","1177":"o","1178":"r","1179":"e","1180":"/","1181":"m","1182":"o","1183":"v","1184":"i","1185":"e","1186":"s","1187":"'","1188":";","1189":"\\","1190":"n","1191":"\\","1192":"n","1193":"c","1194":"o","1195":"n","1196":"s","1197":"t","1198":" ","1199":"s","1200":"t","1201":"o","1202":"r","1203":"e","1204":"M","1205":"o","1206":"v","1207":"i","1208":"e","1209":"s","1210":" ","1211":"=","1212":" ","1213":"u","1214":"s","1215":"e","1216":"M","1217":"o","1218":"v","1219":"i","1220":"e","1221":"s","1222":"S","1223":"t","1224":"o","1225":"r","1226":"e","1227":"(","1228":")","1229":";","1230":"\\","1231":"n","1232":"\\","1233":"n","1234":"/","1235":"*","1236":"*","1237":"\\","1238":"n","1239":" ","1240":"*","1241":" ","1242":"G","1243":"e","1244":"t","1245":" ","1246":"f","1247":"i","1248":"l","1249":"m","1250":"s","1251":" ","1252":"f","1253":"r","1254":"o","1255":"m","1256":" ","1257":"t","1258":"h","1259":"e","1260":" ","1261":"A","1262":"P","1263":"I","1264":"\\","1265":"n","1266":" ","1267":"*","1268":" ","1269":"a","1270":"n","1271":"d","1272":" ","1273":"p","1274":"u","1275":"t","1276":" ","1277":"v","1278":"a","1279":"l","1280":"u","1281":"e","1282":"s","1283":" ","1284":"f","1285":"o","1286":"r","1287":" ","1288":"m","1289":"o","1290":"v","1291":"i","1292":"e","1293":"s","1294":" ","1295":"s","1296":"t","1297":"o","1298":"r","1299":"e","1300":"\\","1301":"n","1302":" ","1303":"*","1304":"/","1305":"\\","1306":"n","1307":"c","1308":"o","1309":"n","1310":"s","1311":"t","1312":" ","1313":"g","1314":"e","1315":"t","1316":"F","1317":"i","1318":"l","1319":"m","1320":"s","1321":" ","1322":"=","1323":" ","1324":"a","1325":"s","1326":"y","1327":"n","1328":"c","1329":" ","1330":"(","1331":")","1332":" ","1333":"=","1334":">","1335":" ","1336":"{","1337":"\\","1338":"n","1339":" ","1340":" ","1341":"s","1342":"t","1343":"o","1344":"r","1345":"e","1346":"M","1347":"o","1348":"v","1349":"i","1350":"e","1351":"s","1352":".","1353":"l","1354":"o","1355":"a","1356":"d","1357":"i","1358":"n","1359":"g","1360":" ","1361":"=","1362":" ","1363":"t","1364":"r","1365":"u","1366":"e","1367":";","1368":"\\","1369":"n","1370":" ","1371":" ","1372":"s","1373":"t","1374":"o","1375":"r","1376":"e","1377":"M","1378":"o","1379":"v","1380":"i","1381":"e","1382":"s","1383":".","1384":"l","1385":"o","1386":"a","1387":"d","1388":"e","1389":"d","1390":" ","1391":"=","1392":" ","1393":"f","1394":"a","1395":"l","1396":"s","1397":"e","1398":";","1399":"\\","1400":"n","1401":"\\","1402":"n","1403":" ","1404":" ","1405":"a","1406":"w","1407":"a","1408":"i","1409":"t","1410":" ","1411":"a","1412":"x","1413":"i","1414":"o","1415":"s","1416":"U","1417":"t","1418":"i","1419":"l","1420":".","1421":"g","1422":"e","1423":"t","1424":"(","1425":"'","1426":"f","1427":"i","1428":"l","1429":"m","1430":"s","1431":"'","1432":")","1433":".","1434":"t","1435":"h","1436":"e","1437":"n","1438":"(","1439":"(","1440":"r","1441":"e","1442":"s","1443":"p","1444":"o","1445":"n","1446":"s","1447":"e","1448":")","1449":" ","1450":"=","1451":">","1452":" ","1453":"{","1454":"\\","1455":"n","1456":" ","1457":" ","1458":" ","1459":" ","1460":"s","1461":"t","1462":"o","1463":"r","1464":"e","1465":"M","1466":"o","1467":"v","1468":"i","1469":"e","1470":"s","1471":".","1472":"c","1473":"o","1474":"u","1475":"n","1476":"t","1477":" ","1478":"=","1479":" ","1480":"r","1481":"e","1482":"s","1483":"p","1484":"o","1485":"n","1486":"s","1487":"e","1488":"?","1489":".","1490":"d","1491":"a","1492":"t","1493":"a","1494":"?","1495":".","1496":"c","1497":"o","1498":"u","1499":"n","1500":"t","1501":";","1502":"\\","1503":"n","1504":" ","1505":" ","1506":" ","1507":" ","1508":"s","1509":"t","1510":"o","1511":"r","1512":"e","1513":"M","1514":"o","1515":"v","1516":"i","1517":"e","1518":"s","1519":".","1520":"m","1521":"o","1522":"v","1523":"i","1524":"e","1525":"s","1526":" ","1527":"=","1528":" ","1529":"r","1530":"e","1531":"s","1532":"p","1533":"o","1534":"n","1535":"s","1536":"e","1537":"?","1538":".","1539":"d","1540":"a","1541":"t","1542":"a","1543":"?","1544":".","1545":"r","1546":"e","1547":"s","1548":"u","1549":"l","1550":"t","1551":"s","1552":";","1553":"\\","1554":"n","1555":" ","1556":" ","1557":" ","1558":" ","1559":"s","1560":"t","1561":"o","1562":"r","1563":"e","1564":"M","1565":"o","1566":"v","1567":"i","1568":"e","1569":"s","1570":".","1571":"l","1572":"o","1573":"a","1574":"d","1575":"i","1576":"n","1577":"g","1578":" ","1579":"=","1580":" ","1581":"f","1582":"a","1583":"l","1584":"s","1585":"e","1586":";","1587":"\\","1588":"n","1589":" ","1590":" ","1591":"}","1592":")","1593":".","1594":"c","1595":"a","1596":"t","1597":"c","1598":"h","1599":"(","1600":"(","1601":"e","1602":"r","1603":"r","1604":"o","1605":"r","1606":")","1607"
[...]
",","588":"O","589":"A","590":"A","591":"O","592":",","593":"W","594":"A","595":"A","596":"W","597":";","598":"I","599":"A","600":"C","601":"p","602":"B","603":",","604":"C","605":"A","606":"A","607":"C","608":",","609":"C","610":"A","611":"A","612":"C","613":"\"","614":",","615":"\"","616":"f","617":"i","618":"l","619":"e","620":"\"","621":":","622":"\"","623":"/","624":"U","625":"s","626":"e","627":"r","628":"s","629":"/","630":"s","631":"t","632":"e","633":"n","634":"n","635":"y","636":"/","637":"p","638":"r","639":"o","640":"j","641":"e","642":"c","643":"t","644":"s","645":"/","646":"i","647":"n","648":"s","649":"y","650":"n","651":"i","652":"u","653":"m","654":"/","655":"s","656":"t","657":"a","658":"r","659":"-","660":"w","661":"a","662":"r","663":"s","664":"-","665":"a","666":"p","667":"p","668":"/","669":"s","670":"r","671":"c","672":"/","673":"v","674":"i","675":"e","676":"w","677":"s","678":"/","679":"C","680":"l","681":"a","682":"s","683":"s","684":"i","685":"c","686":"V","687":"i","688":"e","689":"w","690":".","691":"v","692":"u","693":"e","694":"\"","695":",","696":"\"","697":"s","698":"o","699":"u","700":"r","701":"c","702":"e","703":"s","704":"C","705":"o","706":"n","707":"t","708":"e","709":"n","710":"t","711":"\"","712":":","713":"[","714":"\"","715":"<","716":"t","717":"e","718":"m","719":"p","720":"l","721":"a","722":"t","723":"e","724":">","725":"\\","726":"n","727":" ","728":" ","729":"<","730":"d","731":"i","732":"v","733":">","734":"\\","735":"n","736":" ","737":" ","738":" ","739":" ","740":"<","741":"M","742":"o","743":"v","744":"i","745":"e","746":"s","747":"L","748":"i","749":"s","750":"t","751":"\\","752":"n","753":" ","754":" ","755":" ","756":" ","757":" ","758":" ","759":":","760":"m","761":"o","762":"v","763":"i","764":"e","765":"s","766":"=","767":"\\","768":"\"","769":"l","770":"i","771":"s","772":"t","773":"M","774":"o","775":"v","776":"i","777":"e","778":"s","779":"\\","780":"\"","781":"\\","782":"n","783":" ","784":" ","785":" ","786":" ","787":" ","788":" ","789":":","790":"l","791":"o","792":"a","793":"d","794":"i","795":"n","796":"g","797":"=","798":"\\","799":"\"","800":"s","801":"t","802":"o","803":"r","804":"e","805":"M","806":"o","807":"v","808":"i","809":"e","810":"s","811":".","812":"l","813":"o","814":"a","815":"d","816":"i","817":"n","818":"g","819":"\\","820":"\"","821":"\\","822":"n","823":" ","824":" ","825":" ","826":" ","827":" ","828":" ","829":":","830":"c","831":"o","832":"u","833":"n","834":"t","835":"=","836":"\\","837":"\"","838":"s","839":"t","840":"o","841":"r","842":"e","843":"M","844":"o","845":"v","846":"i","847":"e","848":"s","849":".","850":"c","851":"o","852":"u","853":"n","854":"t","855":"\\","856":"\"","857":"\\","858":"n","859":" ","860":" ","861":" ","862":" ","863":"/","864":">","865":"\\","866":"n","867":" ","868":" ","869":"<","870":"/","871":"d","872":"i","873":"v","874":">","875":"\\","876":"n","877":"<","878":"/","879":"t","880":"e","881":"m","882":"p","883":"l","884":"a","885":"t","886":"e","887":">","888":"\\","889":"n","890":"\\","891":"n","892":"<","893":"s","894":"c","895":"r","896":"i","897":"p","898":"t","899":" ","900":"s","901":"e","902":"t","903":"u","904":"p","905":">","906":"\\","907":"n","908":"i","909":"m","910":"p","911":"o","912":"r","913":"t","914":" ","915":"{","916":" ","917":"c","918":"o","919":"m","920":"p","921":"u","922":"t","923":"e","924":"d","925":" ","926":"}","927":" ","928":"f","929":"r","930":"o","931":"m","932":" ","933":"'","934":"v","935":"u","936":"e","937":"'","938":";","939":"\\","940":"n","941":"i","942":"m","943":"p","944":"o","945":"r","946":"t","947":" ","948":"M","949":"o","950":"v","951":"i","952":"e","953":"s","954":"L","955":"i","956":"s","957":"t","958":" ","959":"f","960":"r","961":"o","962":"m","963":" ","964":"'","965":".","966":".","967":"/","968":"c","969":"o","970":"m","971":"p","972":"o","973":"n","974":"e","975":"n","976":"t","977":"s","978":"/","979":"M","980":"o","981":"v","982":"i","983":"e","984":"s","985":"/","986":"M","987":"o","988":"v","989":"i","990":"e","991":"s","992":"L","993":"i","994":"s","995":"t","996":".","997":"v","998":"u","999":"e","1000":"'","1001":";","1002":"\\","1003":"n","1004":"i","1005":"m","1006":"p","1007":"o","1008":"r","1009":"t","1010":" ","1011":"s","1012":"o","1013":"r","1014":"t","1015":" ","1016":"f","1017":"r","1018":"o","1019":"m","1020":" ","1021":"'","1022":".","1023":".","1024":"/","1025":"u","1026":"t","1027":"i","1028":"l","1029":"s","1030":"/","1031":"s","1032":"o","1033":"r","1034":"t","1035":"'","1036":";","1037":"\\","1038":"n","1039":"i","1040":"m","1041":"p","1042":"o","1043":"r","1044":"t","1045":" ","1046":"u","1047":"s","1048":"e","1049":"M","1050":"o","1051":"v","1052":"i","1053":"e","1054":"s","1055":"S","1056":"t","1057":"o","1058":"r","1059":"e","1060":" ","1061":"f","1062":"r","1063":"o","1064":"m","1065":" ","1066":"'","1067":".","1068":".","1069":"/","1070":"s","1071":"t","1072":"o","1073":"r","1074":"e","1075":"/","1076":"m","1077":"o","1078":"v","1079":"i","1080":"e","1081":"s","1082":"'","1083":";","1084":"\\","1085":"n","1086":"\\","1087":"n","1088":"c","1089":"o","1090":"n","1091":"s","1092":"t","1093":" ","1094":"s","1095":"t","1096":"o","1097":"r","1098":"e","1099":"M","1100":"o","1101":"v","1102":"i","1103":"e","1104":"s","1105":" ","1106":"=","1107":" ","1108":"u","1109":"s","1110":"e","1111":"M","1112":"o","1113":"v","1114":"i","1115":"e","1116":"s","1117":"S","1118":"t","1119":"o","1120":"r","1121":"e","1122":"(","1123":")","1124":";","1125":"\\","1126":"n","1127":"\\","1128":"n","1129":"c","1130":"o","1131":"n","1132":"s","1133":"t","1134":" ","1135":"l","1136":"i","1137":"s","1138":"t","1139":"M","1140":"o","1141":"v","1142":"i","1143":"e","1144":"s","1145":" ","1146":"=","1147":" ","1148":"c","1149":"o","1150":"m","1151":"p","1152":"u","1153":"t","1154":"e","1155":"d","1156":"(","1157":"(","1158":")","1159":" ","1160":"=","1161":">","1162":" ","1163":"{","1164":"\\","1165":"n","1166":" ","1167":" ","1168":"c","1169":"o","1170":"n","1171":"s","1172":"t","1173":" ","1174":"f","1175":"i","1176":"l","1177":"t","1178":"e","1179":"r","1180":"e","1181":"d","1182":"F","1183":"i","1184":"l","1185":"m","1186":"s","1187":" ","1188":"=","1189":" ","1190":"s","1191":"t","1192":"o","1193":"r","1194":"e","1195":"M","1196":"o","1197":"v","1198":"i","1199":"e","1200":"s","1201":"?","1202":".","1203":"m","1204":"o","1205":"v","1206":"i","1207":"e","1208":"s","1209":".","1210":"f","1211":"i","1212":"l","1213":"t","1214":"e","1215":"r","1216":"(","1217":"(","1218":"f","1219":"i","1220":"l","1221":"m","1222":")","1223":" ","1224":"=","1225":">","1226":" ","1227":"{","1228":"\\","1229":"n","1230":" ","1231":" ","1232":" ","1233":" ","1234":"c","1235":"o","1236":"n","1237":"s","1238":"t","1239":" ","1240":"r","1241":"e","1242":"l","1243":"e","1244":"a","1245":"s","1246":"e","1247":"Y","1248":"e","1249":"a","1250":"r","1251":" ","1252":"=","1253":" ","1254":"n","1255":"e","1256":"w","1257":" ","1258":"D","1259":"a","1260":"t","1261":"e","1262":"(","1263":"f","1264":"i","1265":"l","1266":"m","1267":".","1268":"r","1269":"e","1270":"l","1271":"e","1272":"a","1273":"s","1274":"e","1275":"_","1276":"d","1277":"a","1278":"t","1279":"e","1280":")","1281":".","1282":"g","1283":"e","1284":"t","1285":"F","1286":"u","1287":"l","1288":"l","1289":"Y","1290":"e","1291":"a","1292":"r","1293":"(","1294":")","1295":";","1296":"\\","1297":"n","1298":" ","1299":" ","1300":" ","1301":" ","1302":"r","1303":"e","1304":"t","1305":"u","1306":"r","1307":"n","1308":" ","1309":"r","1310":"e","1311":"l","1312":"e","1313":"a","1314":"s","1315":"e","1316":"Y","1317":"e","1318":"a","1319":"r","1320":" ","1321":"<","1322":" ","1323":"1","1324":"9","1325":"9","1326":"0","1327":";","1328":"\\","1329":"n","1330":" ","1331":" ","1332":"}","1333":")","1334":";","1335":"\\","1336":"n","1337":"\\","1338":"n","1339":" ","1340":" ","1341":"c","1342":"o","1343":"n","1344":"s","1345":"t","1346":" ","1347":"s","1348":"o","1349":"r","1350":"t","1351":"e","1352":"d","1353":"F","1354":"i","1355":"l","1356":"m","1357":"s","1358":" ","1359":"=","1360":" ","1361":"s","1362":"o","1363":"r","1364":"t","1365":"(","1366":"f","1367":"i","1368":"l","1369":"t","1370":"e","1371":"r","1372":"e","1373":"d","1374":"F","1375":"i","1376":"l","1377":"m","1378":"s","1379":",","1380":" ","1381":"'","1382":"r","1383":"e","1384":"l","1385":"e","1386":"a","1387":"s","1388":"e","1389":"_","1390":"d","1391":"a","1392":"t","1393":"e","1394":"'","1395":")","1396":";","1397":"\\","1398":"n","1399":"\\","1400":"n","1401":" ","1402":" ","1403":"r","1404":"e","1405":"t","1406":"u","1407":"r","1408":"n","1409":" ","1410":"s","1411":"o","1412":"r","1413":"t","1414":"e","1415":"d","1416":"F","1417":"i","1418":"l","1419":"m","1420":"s","1421":";","1422":"\\","1423":"n","1424":"}","1425":")","1426":";","1427":"\\","1428":"n","1429":"\\","1430":"n","1431":"<","1432":"/","1433":"s","1434":"c","1435":"r","1436":"i","1437":"p","1438":"t","1439":">","1440":"\\","1441":"n","1442":"\"","1443":"]","1444":"}"}}
,"/Users/stenny/projects/insynium/star-wars-app/src/views/MoviesView.vue": {"path":"/Users/stenny/projects/insynium/star-wars-app/src/views/MoviesView.vue","statementMap":{"0":{"start":{"line":4,"column":29},"end":{"line":4,"column":154}},"1":{"start":{"line":5,"column":0},"end":{"line":7,"column":3}},"2":{"start":{"line":8,"column":0},"end":{"line":8,"column":25}},"3":{"start":{"line":87,"column":0},"end":{"line":89,"column":3}},"4":{"start":{"line":90,"column":0},"end":{"line":90,"column":24}},"5":{"start":{"line":91,"column":11},"end":{"line":91,"column":25}},"6":{"start":{"line":93,"column":2},"end":{"line":97,"column":60}},"7":{"start":{"line":98,"column":2},"end":{"line":98,"column":49}}},"fnMap":{"0":{"name":"render","decl":{"start":{"line":92,"column":9},"end":{"line":92,"column":15}},"loc":{"start":{"line":92,"column":63},"end":{"line":98,"column":1}},"line":92}},"branchMap":{},"s":{"0":0,"1":0,"2":0,"3":0,"4":0,"5":0,"6":0,"7":0},"f":{"0":0},"b":{},"inputSourceMap":{"0":"{","1":"\"","2":"v","3":"e","4":"r","5":"s","6":"i","7":"o","8":"n","9":"\"","10":":","11":"3","12":",","13":"\"","14":"s","15":"o","16":"u","17":"r","18":"c","19":"e","20":"s","21":"\"","22":":","23":"[","24":"\"","25":"/","26":"U","27":"s","28":"e","29":"r","30":"s","31":"/","32":"s","33":"t","34":"e","35":"n","36":"n","37":"y","38":"/","39":"p","40":"r","41":"o","42":"j","43":"e","44":"c","45":"t","46":"s","47":"/","48":"i","49":"n","50":"s","51":"y","52":"n","53":"i","54":"u","55":"m","56":"/","57":"s","58":"t","59":"a","60":"r","61":"-","62":"w","63":"a","64":"r","65":"s","66":"-","67":"a","68":"p","69":"p","70":"/","71":"s","72":"r","73":"c","74":"/","75":"v","76":"i","77":"e","78":"w","79":"s","80":"/","81":"M","82":"o","83":"v","84":"i","85":"e","86":"s","87":"V","88":"i","89":"e","90":"w","91":".","92":"v","93":"u","94":"e","95":"\"","96":"]","97":",","98":"\"","99":"n","100":"a","101":"m","102":"e","103":"s","104":"\"","105":":","106":"[","107":"]","108":",","109":"\"","110":"m","111":"a","112":"p","113":"p","114":"i","115":"n","116":"g","117":"s","118":"\"","119":":","120":"\"","121":";","122":";","123":";","124":";","125":";","126":";","127":";","128":";","129":"A","130":"A","131":"W","132":"A","133":";","134":"A","135":"A","136":"A","137":"A","138":";","139":"A","140":"A","141":"A","142":"A","143":";","144":"A","145":"A","146":"C","147":"A","148":";","149":"A","150":"A","151":"A","152":"A","153":";","154":"A","155":"A","156":"A","157":"A","158":";","159":"A","160":"A","161":"C","162":"A","163":";","164":"A","165":"A","166":"A","167":"A","168":";","169":"A","170":"A","171":"A","172":"A","173":";","174":"A","175":"A","176":"C","177":"A","178":";","179":"A","180":"A","181":"A","182":"A","183":";","184":"A","185":"A","186":"A","187":"A","188":";","189":"A","190":"A","191":"A","192":"6","193":"C","194":";","195":"A","196":"A","197":"A","198":"A","199":";","200":";","201":";","202":";","203":";","204":";","205":"I","206":"A","207":"E","208":"7","209":"C","210":",","211":"M","212":"A","213":"A","214":"M","215":",","216":"W","217":"A","218":"A","219":"W","220":";","221":"I","222":"A","223":"A","224":"G","225":";","226":"I","227":"A","228":"A","229":"A","230":";","231":"I","232":"A","233":"A","234":"A","235":";","236":"I","237":"A","238":"A","239":"A","240":";","241":"I","242":"A","243":"A","244":"A","245":";","246":"I","247":"A","248":"A","249":"A","250":",","251":"O","252":"A","253":"A","254":"c","255":",","256":"E","257":"A","258":"A","259":"C","260":",","261":"C","262":"A","263":"A","264":"C","265":";","266":"I","267":"A","268":"E","269":"p","270":"C","271":",","272":"M","273":"A","274":"A","275":"M","276":",","277":"U","278":"A","279":"A","280":"U","281":";","282":"I","283":"A","284":"A","285":"G","286":";","287":"I","288":"A","289":"A","290":"A","291":";","292":"I","293":"A","294":"A","295":"A","296":";","297":"I","298":"A","299":"A","300":"A","301":";","302":"I","303":"A","304":"A","305":"A","306":";","307":"I","308":"A","309":"A","310":"A","311":",","312":"Q","313":"A","314":"A","315":"Q","316":",","317":"E","318":"A","319":"A","320":"C","321":";","322":"I","323":"A","324":"A","325":"M","326":";","327":"I","328":"A","329":"A","330":"A","331":";","332":"I","333":"A","334":"A","335":"A","336":";","337":"I","338":"A","339":"A","340":"A","341":";","342":"I","343":"A","344":"A","345":"A","346":";","347":"I","348":"A","349":"A","350":"A","351":",","352":"O","353":"A","354":"A","355":"I","356":",","357":"E","358":"A","359":"A","360":"C","361":",","362":"W","363":"A","364":"A","365":"W","366":",","367":"E","368":"A","369":"A","370":"E","371":",","372":"M","373":"A","374":"A","375":"M","376":",","377":"E","378":"A","379":"A","380":"E","381":",","382":"O","383":"A","384":"A","385":"O","386":",","387":"C","388":"A","389":"A","390":"C","391":",","392":"C","393":"A","394":"A","395":"C","396":"\"","397":",","398":"\"","399":"f","400":"i","401":"l","402":"e","403":"\"","404":":","405":"\"","406":"/","407":"U","408":"s","409":"e","410":"r","411":"s","412":"/","413":"s","414":"t","415":"e","416":"n","417":"n","418":"y","419":"/","420":"p","421":"r","422":"o","423":"j","424":"e","425":"c","426":"t","427":"s","428":"/","429":"i","430":"n","431":"s","432":"y","433":"n","434":"i","435":"u","436":"m","437":"/","438":"s","439":"t","440":"a","441":"r","442":"-","443":"w","444":"a","445":"r","446":"s","447":"-","448":"a","449":"p","450":"p","451":"/","452":"s","453":"r","454":"c","455":"/","456":"v","457":"i","458":"e","459":"w","460":"s","461":"/","462":"M","463":"o","464":"v","465":"i","466":"e","467":"s","468":"V","469":"i","470":"e","471":"w","472":".","473":"v","474":"u","475":"e","476":"\"","477":",","478":"\"","479":"s","480":"o","481":"u","482":"r","483":"c","484":"e","485":"s","486":"C","487":"o","488":"n","489":"t","490":"e","491":"n","492":"t","493":"\"","494":":","495":"[","496":"\"","497":"<","498":"t","499":"e","500":"m","501":"p","502":"l","503":"a","504":"t","505":"e","506":">","507":"\\","508":"n","509":" ","510":" ","511":"<","512":"d","513":"i","514":"v","515":">","516":"\\","517":"n","518":" ","519":" ","520":" ","521":" ","522":"<","523":"M","524":"o","525":"v","526":"i","527":"e","528":"s","529":"L","530":"i","531":"s","532":"t","533":"\\","534":"n","535":" ","536":" ","537":" ","538":" ","539":" ","540":" ","541":":","542":"m","543":"o","544":"v","545":"i","546":"e","547":"s","548":"=","549":"\\","550":"\"","551":"l","552":"i","553":"s","554":"t","555":"M","556":"o","557":"v","558":"i","559":"e","560":"s","561":"\\","562":"\"","563":"\\","564":"n","565":" ","566":" ","567":" ","568":" ","569":" ","570":" ","571":":","572":"l","573":"o","574":"a","575":"d","576":"i","577":"n","578":"g","579":"=","580":"\\","581":"\"","582":"s","583":"t","584":"o","585":"r","586":"e","587":"M","588":"o","589":"v","590":"i","591":"e","592":"s","593":".","594":"l","595":"o","596":"a","597":"d","598":"i","599":"n","600":"g","601":"\\","602":"\"","603":"\\","604":"n","605":" ","606":" ","607":" ","608":" ","609":" ","610":" ","611":":","612":"c","613":"o","614":"u","615":"n","616":"t","617":"=","618":"\\","619":"\"","620":"s","621":"t","622":"o","623":"r","624":"e","625":"M","626":"o","627":"v","628":"i","629":"e","630":"s","631":".","632":"c","633":"o","634":"u","635":"n","636":"t","637":"\\","638":"\"","639":"\\","640":"n","641":" ","642":" ","643":" ","644":" ","645":"/","646":">","647":"\\","648":"n","649":" ","650":" ","651":"<","652":"/","653":"d","654":"i","655":"v","656":">","657":"\\","658":"n","659":"<","660":"/","661":"t","662":"e","663":"m","664":"p","665":"l","666":"a","667":"t","668":"e","669":">","670":"\\","671":"n","672":"\\","673":"n","674":"<","675":"s","676":"c","677":"r","678":"i","679":"p","680":"t","681":" ","682":"s","683":"e","684":"t","685":"u","686":"p","687":">","688":"\\","689":"n","690":"i","691":"m","692":"p","693":"o","694":"r","695":"t","696":" ","697":"{","698":" ","699":"c","700":"o","701":"m","702":"p","703":"u","704":"t","705":"e","706":"d","707":" ","708":"}","709":" ","710":"f","711":"r","712":"o","713":"m","714":" ","715":"'","716":"v","717":"u","718":"e","719":"'","720":";","721":"\\","722":"n","723":"i","724":"m","725":"p","726":"o","727":"r","728":"t","729":" ","730":"M","731":"o","732":"v","733":"i","734":"e","735":"s","736":"L","737":"i","738":"s","739":"t","740":" ","741":"f","742":"r","743":"o","744":"m","745":" ","746":"'","747":".","748":".","749":"/","750":"c","751":"o","752":"m","753":"p","754":"o","755":"n","756":"e","757":"n","758":"t","759":"s","760":"/","761":"M","762":"o","763":"v","764":"i","765":"e","766":"s","767":"/","768":"M","769":"o","770":"v","771":"i","772":"e","773":"s","774":"L","775":"i","776":"s","777":"t","778":".","779":"v","780":"u","781":"e","782":"'","783":";","784":"\\","785":"n","786":"i","787":"m","788":"p","789":"o","790":"r","791":"t","792":" ","793":"s","794":"o","795":"r","796":"t","797":" ","798":"f","799":"r","800":"o","801":"m","802":" ","803":"'","804":".","805":".","806":"/","807":"u","808":"t","809":"i","810":"l","811":"s","812":"/","813":"s","814":"o","815":"r","816":"t","817":"'","818":";","819":"\\","820":"n","821":"i","822":"m","823":"p","824":"o","825":"r","826":"t","827":" ","828":"u","829":"s","830":"e","831":"M","832":"o","833":"v","834":"i","835":"e","836":"s","837":"S","838":"t","839":"o","840":"r","841":"e","842":" ","843":"f","844":"r","845":"o","846":"m","847":" ","848":"'","849":".","850":".","851":"/","852":"s","853":"t","854":"o","855":"r","856":"e","857":"/","858":"m","859":"o","860":"v","861":"i","862":"e","863":"s","864":"'","865":";","866":"\\","867":"n","868":"\\","869":"n","870":"c","871":"o","872":"n","873":"s","874":"t","875":" ","876":"s","877":"t","878":"o","879":"r","880":"e","881":"M","882":"o","883":"v","884":"i","885":"e","886":"s","887":" ","888":"=","889":" ","890":"u","891":"s","892":"e","893":"M","894":"o","895":"v","896":"i","897":"e","898":"s","899":"S","900":"t","901":"o","902":"r","903":"e","904":"(","905":")","906":";","907":"\\","908":"n","909":"\\","910":"n","911":"c","912":"o","913":"n","914":"s","915":"t","916":" ","917":"l","918":"i","919":"s","920":"t","921":"M","922":"o","923":"v","924":"i","925":"e","926":"s","927":" ","928":"=","929":" ","930":"c","931":"o","932":"m","933":"p","934":"u","935":"t","936":"e","937":"d","938":"(","939":"(","940":")","941":" ","942":"=","943":">","944":" ","945":"s","946":"o","947":"r","948":"t","949":"(","950":"s","951":"t","952":"o","953":"r","954":"e","955":"M","956":"o","957":"v","958":"i","959":"e","960":"s","961":"?","962":".","963":"m","964":"o","965":"v","966":"i","967":"e","968":"s","969":",","970":" ","971":"'","972":"t","973":"i","974":"t","975":"l","976":"e","977":"'","978":")","979":")","980":";","981":"\\","982":"n","983":"\\","984":"n","985":"<","986":"/","987":"s","988":"c","989":"r","990":"i","991":"p","992":"t","993":">","994":"\\","995":"n","996":"\"","997":"]","998":"}"}}
}
